---------------------------------------------------------------
[ 2019-09-18T09:22:29+08:00 ] 172.26.2.167 GET local.hqy.com/v1/organization/index.html
[运行时间：0.685188s] [吞吐率：1.46req/s] [内存消耗：2,740.53kb] [文件加载：58]
[ info ] [ LANG ] /opt/web/hqy/thinkphp/lang/zh-cn.php
[ info ] [ ROUTE ] array (
  'type' => 'module',
  'module' => 
  array (
    0 => 'v1',
    1 => 'organization',
    2 => 'index',
  ),
)
[ info ] [ HEADER ] array (
  'cookie' => 'PHPSESSID=0gol6bu6svvgd9conasj6uh43g',
  'accept-language' => 'zh-CN,zh;q=0.9',
  'accept-encoding' => 'gzip, deflate',
  'referer' => 'http://local.hqy.com/v1/organization/index.html',
  'accept' => 'text/html,application/xhtml+xml,application/xml;q=0.9,image/webp,image/apng,*/*;q=0.8',
  'user-agent' => 'Mozilla/5.0 (Windows NT 6.1; WOW64) AppleWebKit/537.36 (KHTML, like Gecko) Chrome/65.0.3325.181 Safari/537.36',
  'upgrade-insecure-requests' => '1',
  'cache-control' => 'max-age=0',
  'connection' => 'keep-alive',
  'host' => 'local.hqy.com',
  'content-type' => '',
  'content-length' => '',
)
[ info ] [ PARAM ] array (
)
[ info ] [ SESSION ] INIT array (
  'id' => '',
  'var_session_id' => '',
  'prefix' => 'think',
  'type' => '',
  'auto_start' => true,
)
[ info ] [ RUN ] app\v1\controller\organization->index[ /opt/web/hqy/application/v1/controller/Organization.php ]
[ info ] [ DB ] INIT mysql
[ info ] [ VIEW ] /opt/web/hqy/public/../application/v1/view/organization/index.html [ array (
  0 => 'site',
  1 => 'config',
  2 => 'request',
  3 => 'userInfo',
  4 => 'adaptive',
  5 => 'list',
) ]
[ info ] [ LOG ] INIT File
[ sql ] [ DB ] CONNECT:[ UseTime:0.114841s ] mysql:host=47.105.48.137;dbname=huiqiyun;charset=utf8
[ sql ] [ SQL ] SHOW COLUMNS FROM `h_organization` [ RunTime:0.076743s ]
[ sql ] [ SQL ] SELECT * FROM `h_organization` ORDER BY `weigh` DESC [ RunTime:0.077533s ]
---------------------------------------------------------------
[ 2019-09-18T09:22:47+08:00 ] 172.26.2.167 POST local.hqy.com/v1/organization/index.html
[运行时间：0.527171s] [吞吐率：1.90req/s] [内存消耗：2,742.74kb] [文件加载：58]
[ info ] [ LANG ] /opt/web/hqy/thinkphp/lang/zh-cn.php
[ info ] [ ROUTE ] array (
  'type' => 'module',
  'module' => 
  array (
    0 => 'v1',
    1 => 'organization',
    2 => 'index',
  ),
)
[ info ] [ HEADER ] array (
  'cookie' => 'PHPSESSID=0gol6bu6svvgd9conasj6uh43g',
  'accept-language' => 'zh-CN,zh;q=0.9',
  'accept-encoding' => 'gzip, deflate',
  'referer' => 'http://local.hqy.com/v1/organization/index.html',
  'accept' => 'text/html,application/xhtml+xml,application/xml;q=0.9,image/webp,image/apng,*/*;q=0.8',
  'user-agent' => 'Mozilla/5.0 (Windows NT 6.1; WOW64) AppleWebKit/537.36 (KHTML, like Gecko) Chrome/65.0.3325.181 Safari/537.36',
  'content-type' => 'application/x-www-form-urlencoded',
  'upgrade-insecure-requests' => '1',
  'origin' => 'http://local.hqy.com',
  'cache-control' => 'max-age=0',
  'content-length' => '36',
  'connection' => 'keep-alive',
  'host' => 'local.hqy.com',
)
[ info ] [ PARAM ] array (
  'status' => '',
  'binding' => '',
  'user_name' => '',
  'account' => '',
)
[ info ] [ SESSION ] INIT array (
  'id' => '',
  'var_session_id' => '',
  'prefix' => 'think',
  'type' => '',
  'auto_start' => true,
)
[ info ] [ RUN ] app\v1\controller\organization->index[ /opt/web/hqy/application/v1/controller/Organization.php ]
[ info ] [ DB ] INIT mysql
[ info ] [ VIEW ] /opt/web/hqy/public/../application/v1/view/organization/index.html [ array (
  0 => 'site',
  1 => 'config',
  2 => 'request',
  3 => 'userInfo',
  4 => 'adaptive',
  5 => 'list',
) ]
[ info ] [ LOG ] INIT File
[ sql ] [ DB ] CONNECT:[ UseTime:0.126089s ] mysql:host=47.105.48.137;dbname=huiqiyun;charset=utf8
[ sql ] [ SQL ] SHOW COLUMNS FROM `h_organization` [ RunTime:0.085216s ]
[ sql ] [ SQL ] SELECT * FROM `h_organization` ORDER BY `weigh` DESC [ RunTime:0.084244s ]
---------------------------------------------------------------
[ 2019-09-18T09:38:44+08:00 ] 172.26.2.167 GET local.hqy.com/v1/organization/addorg.html
[运行时间：0.966751s] [吞吐率：1.03req/s] [内存消耗：2,878.91kb] [文件加载：59]
[ info ] [ LANG ] /opt/web/hqy/thinkphp/lang/zh-cn.php
[ info ] [ ROUTE ] array (
  'type' => 'module',
  'module' => 
  array (
    0 => 'v1',
    1 => 'organization',
    2 => 'addorg',
  ),
)
[ info ] [ HEADER ] array (
  'cookie' => 'PHPSESSID=0gol6bu6svvgd9conasj6uh43g',
  'accept-language' => 'zh-CN,zh;q=0.9',
  'accept-encoding' => 'gzip, deflate',
  'referer' => 'http://local.hqy.com/v1/organization/index.html',
  'accept' => 'text/html,application/xhtml+xml,application/xml;q=0.9,image/webp,image/apng,*/*;q=0.8',
  'user-agent' => 'Mozilla/5.0 (Windows NT 6.1; WOW64) AppleWebKit/537.36 (KHTML, like Gecko) Chrome/65.0.3325.181 Safari/537.36',
  'upgrade-insecure-requests' => '1',
  'connection' => 'keep-alive',
  'host' => 'local.hqy.com',
  'content-type' => '',
  'content-length' => '',
)
[ info ] [ PARAM ] array (
)
[ info ] [ SESSION ] INIT array (
  'id' => '',
  'var_session_id' => '',
  'prefix' => 'think',
  'type' => '',
  'auto_start' => true,
)
[ info ] [ RUN ] app\v1\controller\organization->addorg[ /opt/web/hqy/application/v1/controller/Organization.php ]
[ info ] [ DB ] INIT mysql
[ info ] [ VIEW ] /opt/web/hqy/public/../application/v1/view/organization/addorg.html [ array (
  0 => 'site',
  1 => 'config',
  2 => 'request',
  3 => 'userInfo',
  4 => 'adaptive',
  5 => 'all_org',
  6 => 'saleUser',
) ]
[ info ] [ LOG ] INIT File
[ sql ] [ DB ] CONNECT:[ UseTime:0.116938s ] mysql:host=47.105.48.137;dbname=huiqiyun;charset=utf8
[ sql ] [ SQL ] SHOW COLUMNS FROM `users` [ RunTime:0.080348s ]
[ sql ] [ SQL ] SELECT * FROM `users` WHERE  `status` = 1 [ RunTime:0.276803s ]
[ sql ] [ SQL ] SHOW COLUMNS FROM `h_organization` [ RunTime:0.077864s ]
[ sql ] [ SQL ] SELECT * FROM `h_organization` ORDER BY `weigh` DESC [ RunTime:0.077229s ]
---------------------------------------------------------------
[ 2019-09-18T09:39:05+08:00 ] 172.26.2.167 POST local.hqy.com/v1/organization/addorg.html
[运行时间：1.111989s] [吞吐率：0.90req/s] [内存消耗：2,495.48kb] [文件加载：60]
[ info ] [ LANG ] /opt/web/hqy/thinkphp/lang/zh-cn.php
[ info ] [ ROUTE ] array (
  'type' => 'module',
  'module' => 
  array (
    0 => 'v1',
    1 => 'organization',
    2 => 'addorg',
  ),
)
[ info ] [ HEADER ] array (
  'cookie' => 'PHPSESSID=0gol6bu6svvgd9conasj6uh43g',
  'accept-language' => 'zh-CN,zh;q=0.9',
  'accept-encoding' => 'gzip, deflate',
  'referer' => 'http://local.hqy.com/v1/organization/addorg.html',
  'content-type' => 'application/x-www-form-urlencoded; charset=UTF-8',
  'user-agent' => 'Mozilla/5.0 (Windows NT 6.1; WOW64) AppleWebKit/537.36 (KHTML, like Gecko) Chrome/65.0.3325.181 Safari/537.36',
  'x-requested-with' => 'XMLHttpRequest',
  'origin' => 'http://local.hqy.com',
  'accept' => 'application/json, text/javascript, */*; q=0.01',
  'content-length' => '100',
  'connection' => 'keep-alive',
  'host' => 'local.hqy.com',
)
[ info ] [ PARAM ] array (
  'data' => 'pid=0&title=%E9%87%87%E8%B4%AD%E9%83%A8&manage_uid=1443&weigh=1',
)
[ info ] [ SESSION ] INIT array (
  'id' => '',
  'var_session_id' => '',
  'prefix' => 'think',
  'type' => '',
  'auto_start' => true,
)
[ info ] [ RUN ] app\v1\controller\organization->addorg[ /opt/web/hqy/application/v1/controller/Organization.php ]
[ info ] [ DB ] INIT mysql
[ info ] [ CACHE ] INIT File
[ info ] [ LOG ] INIT File
[ sql ] [ DB ] CONNECT:[ UseTime:0.105842s ] mysql:host=47.105.48.137;dbname=huiqiyun;charset=utf8
[ sql ] [ SQL ] SHOW COLUMNS FROM `h_organization` [ RunTime:0.071620s ]
[ sql ] [ SQL ] SELECT `id` FROM `h_organization` WHERE  `title` = '采购部'  AND `pid` = 0 LIMIT 1 [ RunTime:0.071018s ]
[ sql ] [ SQL ] SHOW COLUMNS FROM `users` [ RunTime:0.070852s ]
[ sql ] [ SQL ] SELECT * FROM `users` WHERE  `status` = 1 [ RunTime:0.255411s ]
[ sql ] [ SQL ] INSERT INTO `h_organization` (`pid` , `manage_uid` , `title` , `weigh` , `createtime` , `updatetime` , `status` , `manage` , `rank` , `lid` , `rid`) VALUES (0 , 1443 , '采购部' , 1 , 1568770744 , 1568770744 , 1 , '林燕霞' , 1 , 1 , 2) [ RunTime:0.072303s ]
[ sql ] [ SQL ] UPDATE `h_organization`  SET `tid`=15  WHERE  `id` = 15 [ RunTime:0.071324s ]
---------------------------------------------------------------
[ 2019-09-18T09:39:08+08:00 ] 172.26.2.167 POST local.hqy.com/v1/organization/index.html
[运行时间：0.452391s] [吞吐率：2.21req/s] [内存消耗：2,744.88kb] [文件加载：58]
[ info ] [ LANG ] /opt/web/hqy/thinkphp/lang/zh-cn.php
[ info ] [ ROUTE ] array (
  'type' => 'module',
  'module' => 
  array (
    0 => 'v1',
    1 => 'organization',
    2 => 'index',
  ),
)
[ info ] [ HEADER ] array (
  'cookie' => 'PHPSESSID=0gol6bu6svvgd9conasj6uh43g',
  'accept-language' => 'zh-CN,zh;q=0.9',
  'accept-encoding' => 'gzip, deflate',
  'referer' => 'http://local.hqy.com/v1/organization/index.html',
  'accept' => 'text/html,application/xhtml+xml,application/xml;q=0.9,image/webp,image/apng,*/*;q=0.8',
  'user-agent' => 'Mozilla/5.0 (Windows NT 6.1; WOW64) AppleWebKit/537.36 (KHTML, like Gecko) Chrome/65.0.3325.181 Safari/537.36',
  'content-type' => 'application/x-www-form-urlencoded',
  'upgrade-insecure-requests' => '1',
  'origin' => 'http://local.hqy.com',
  'cache-control' => 'max-age=0',
  'content-length' => '36',
  'connection' => 'keep-alive',
  'host' => 'local.hqy.com',
)
[ info ] [ PARAM ] array (
  'status' => '',
  'binding' => '',
  'user_name' => '',
  'account' => '',
)
[ info ] [ SESSION ] INIT array (
  'id' => '',
  'var_session_id' => '',
  'prefix' => 'think',
  'type' => '',
  'auto_start' => true,
)
[ info ] [ RUN ] app\v1\controller\organization->index[ /opt/web/hqy/application/v1/controller/Organization.php ]
[ info ] [ DB ] INIT mysql
[ info ] [ VIEW ] /opt/web/hqy/public/../application/v1/view/organization/index.html [ array (
  0 => 'site',
  1 => 'config',
  2 => 'request',
  3 => 'userInfo',
  4 => 'adaptive',
  5 => 'list',
) ]
[ info ] [ LOG ] INIT File
[ sql ] [ DB ] CONNECT:[ UseTime:0.097185s ] mysql:host=47.105.48.137;dbname=huiqiyun;charset=utf8
[ sql ] [ SQL ] SHOW COLUMNS FROM `h_organization` [ RunTime:0.066317s ]
[ sql ] [ SQL ] SELECT * FROM `h_organization` ORDER BY `weigh` DESC [ RunTime:0.066497s ]
---------------------------------------------------------------
[ 2019-09-18T09:39:35+08:00 ] 172.26.2.167 GET local.hqy.com/v1/organization/addorg.html
[运行时间：0.705397s] [吞吐率：1.42req/s] [内存消耗：2,881.05kb] [文件加载：59]
[ info ] [ LANG ] /opt/web/hqy/thinkphp/lang/zh-cn.php
[ info ] [ ROUTE ] array (
  'type' => 'module',
  'module' => 
  array (
    0 => 'v1',
    1 => 'organization',
    2 => 'addorg',
  ),
)
[ info ] [ HEADER ] array (
  'cookie' => 'PHPSESSID=0gol6bu6svvgd9conasj6uh43g',
  'accept-language' => 'zh-CN,zh;q=0.9',
  'accept-encoding' => 'gzip, deflate',
  'referer' => 'http://local.hqy.com/v1/organization/index.html',
  'accept' => 'text/html,application/xhtml+xml,application/xml;q=0.9,image/webp,image/apng,*/*;q=0.8',
  'user-agent' => 'Mozilla/5.0 (Windows NT 6.1; WOW64) AppleWebKit/537.36 (KHTML, like Gecko) Chrome/65.0.3325.181 Safari/537.36',
  'upgrade-insecure-requests' => '1',
  'connection' => 'keep-alive',
  'host' => 'local.hqy.com',
  'content-type' => '',
  'content-length' => '',
)
[ info ] [ PARAM ] array (
)
[ info ] [ SESSION ] INIT array (
  'id' => '',
  'var_session_id' => '',
  'prefix' => 'think',
  'type' => '',
  'auto_start' => true,
)
[ info ] [ RUN ] app\v1\controller\organization->addorg[ /opt/web/hqy/application/v1/controller/Organization.php ]
[ info ] [ DB ] INIT mysql
[ info ] [ VIEW ] /opt/web/hqy/public/../application/v1/view/organization/addorg.html [ array (
  0 => 'site',
  1 => 'config',
  2 => 'request',
  3 => 'userInfo',
  4 => 'adaptive',
  5 => 'all_org',
  6 => 'saleUser',
) ]
[ info ] [ LOG ] INIT File
[ sql ] [ DB ] CONNECT:[ UseTime:0.094205s ] mysql:host=47.105.48.137;dbname=huiqiyun;charset=utf8
[ sql ] [ SQL ] SHOW COLUMNS FROM `users` [ RunTime:0.063643s ]
[ sql ] [ SQL ] SELECT * FROM `users` WHERE  `status` = 1 [ RunTime:0.222613s ]
[ sql ] [ SQL ] SHOW COLUMNS FROM `h_organization` [ RunTime:0.063422s ]
[ sql ] [ SQL ] SELECT * FROM `h_organization` ORDER BY `weigh` DESC [ RunTime:0.063743s ]
---------------------------------------------------------------
[ 2019-09-18T09:39:59+08:00 ] 172.26.2.167 POST local.hqy.com/v1/organization/addorg.html
[运行时间：1.385741s] [吞吐率：0.72req/s] [内存消耗：2,441.26kb] [文件加载：57]
[ info ] [ LANG ] /opt/web/hqy/thinkphp/lang/zh-cn.php
[ info ] [ ROUTE ] array (
  'type' => 'module',
  'module' => 
  array (
    0 => 'v1',
    1 => 'organization',
    2 => 'addorg',
  ),
)
[ info ] [ HEADER ] array (
  'cookie' => 'PHPSESSID=0gol6bu6svvgd9conasj6uh43g',
  'accept-language' => 'zh-CN,zh;q=0.9',
  'accept-encoding' => 'gzip, deflate',
  'referer' => 'http://local.hqy.com/v1/organization/addorg.html',
  'content-type' => 'application/x-www-form-urlencoded; charset=UTF-8',
  'user-agent' => 'Mozilla/5.0 (Windows NT 6.1; WOW64) AppleWebKit/537.36 (KHTML, like Gecko) Chrome/65.0.3325.181 Safari/537.36',
  'x-requested-with' => 'XMLHttpRequest',
  'origin' => 'http://local.hqy.com',
  'accept' => 'application/json, text/javascript, */*; q=0.01',
  'content-length' => '116',
  'connection' => 'keep-alive',
  'host' => 'local.hqy.com',
)
[ info ] [ PARAM ] array (
  'data' => 'pid=15&title=%E9%87%87%E8%B4%AD%E4%B8%80%E7%BB%84&manage_uid=2126&weigh=1',
)
[ info ] [ SESSION ] INIT array (
  'id' => '',
  'var_session_id' => '',
  'prefix' => 'think',
  'type' => '',
  'auto_start' => true,
)
[ info ] [ RUN ] app\v1\controller\organization->addorg[ /opt/web/hqy/application/v1/controller/Organization.php ]
[ info ] [ DB ] INIT mysql
[ info ] [ LOG ] INIT File
[ sql ] [ DB ] CONNECT:[ UseTime:0.105111s ] mysql:host=47.105.48.137;dbname=huiqiyun;charset=utf8
[ sql ] [ SQL ] SHOW COLUMNS FROM `h_organization` [ RunTime:0.071046s ]
[ sql ] [ SQL ] SELECT `id` FROM `h_organization` WHERE  `title` = '采购一组'  AND `pid` = 15 LIMIT 1 [ RunTime:0.069939s ]
[ sql ] [ SQL ] SHOW COLUMNS FROM `users` [ RunTime:0.071508s ]
[ sql ] [ SQL ] SELECT * FROM `users` WHERE  `status` = 1 [ RunTime:0.255032s ]
[ sql ] [ SQL ] SELECT `rank` FROM `h_organization` WHERE  `id` = 15 LIMIT 1 [ RunTime:0.070175s ]
[ sql ] [ SQL ] SELECT * FROM `h_organization` WHERE  `id` = 15 LIMIT 1 [ RunTime:0.069714s ]
[ sql ] [ SQL ] SELECT * FROM `h_organization` WHERE  `id` = 15 LIMIT 1 [ RunTime:0.070279s ]
[ sql ] [ SQL ] UPDATE `h_organization`  SET `lid`=`lid`+2  WHERE  `lid` > 1  AND `tid` = 15 [ RunTime:0.071201s ]
[ sql ] [ SQL ] UPDATE `h_organization`  SET `rid`=`rid`+2  WHERE  `lid` >= 1  AND `tid` = 15 [ RunTime:0.069321s ]
[ sql ] [ SQL ] UPDATE `h_organization`  SET `rid`=`rid`+2  WHERE  `lid` < 1  AND `rid` > 2  AND `tid` = 15 [ RunTime:0.069055s ]
[ sql ] [ SQL ] INSERT INTO `h_organization` (`pid` , `manage_uid` , `title` , `weigh` , `createtime` , `updatetime` , `status` , `manage` , `rank` , `tid` , `lid` , `rid`) VALUES (15 , 2126 , '采购一组' , 1 , 1568770798 , 1568770798 , 1 , '陈妃弟' , 2 , 15 , 2 , 3) [ RunTime:0.068963s ]
---------------------------------------------------------------
[ 2019-09-18T09:40:01+08:00 ] 172.26.2.167 POST local.hqy.com/v1/organization/index.html
[运行时间：0.488358s] [吞吐率：2.05req/s] [内存消耗：2,747.09kb] [文件加载：58]
[ info ] [ LANG ] /opt/web/hqy/thinkphp/lang/zh-cn.php
[ info ] [ ROUTE ] array (
  'type' => 'module',
  'module' => 
  array (
    0 => 'v1',
    1 => 'organization',
    2 => 'index',
  ),
)
[ info ] [ HEADER ] array (
  'cookie' => 'PHPSESSID=0gol6bu6svvgd9conasj6uh43g',
  'accept-language' => 'zh-CN,zh;q=0.9',
  'accept-encoding' => 'gzip, deflate',
  'referer' => 'http://local.hqy.com/v1/organization/index.html',
  'accept' => 'text/html,application/xhtml+xml,application/xml;q=0.9,image/webp,image/apng,*/*;q=0.8',
  'user-agent' => 'Mozilla/5.0 (Windows NT 6.1; WOW64) AppleWebKit/537.36 (KHTML, like Gecko) Chrome/65.0.3325.181 Safari/537.36',
  'content-type' => 'application/x-www-form-urlencoded',
  'upgrade-insecure-requests' => '1',
  'origin' => 'http://local.hqy.com',
  'cache-control' => 'max-age=0',
  'content-length' => '36',
  'connection' => 'keep-alive',
  'host' => 'local.hqy.com',
)
[ info ] [ PARAM ] array (
  'status' => '',
  'binding' => '',
  'user_name' => '',
  'account' => '',
)
[ info ] [ SESSION ] INIT array (
  'id' => '',
  'var_session_id' => '',
  'prefix' => 'think',
  'type' => '',
  'auto_start' => true,
)
[ info ] [ RUN ] app\v1\controller\organization->index[ /opt/web/hqy/application/v1/controller/Organization.php ]
[ info ] [ DB ] INIT mysql
[ info ] [ VIEW ] /opt/web/hqy/public/../application/v1/view/organization/index.html [ array (
  0 => 'site',
  1 => 'config',
  2 => 'request',
  3 => 'userInfo',
  4 => 'adaptive',
  5 => 'list',
) ]
[ info ] [ LOG ] INIT File
[ sql ] [ DB ] CONNECT:[ UseTime:0.112587s ] mysql:host=47.105.48.137;dbname=huiqiyun;charset=utf8
[ sql ] [ SQL ] SHOW COLUMNS FROM `h_organization` [ RunTime:0.077117s ]
[ sql ] [ SQL ] SELECT * FROM `h_organization` ORDER BY `weigh` DESC [ RunTime:0.075334s ]
---------------------------------------------------------------
[ 2019-09-18T10:48:06+08:00 ] 172.26.2.167 GET local.hqy.com/v1/organization/addorg.html
[运行时间：1.063259s] [吞吐率：0.94req/s] [内存消耗：2,883.26kb] [文件加载：59]
[ info ] [ LANG ] /opt/web/hqy/thinkphp/lang/zh-cn.php
[ info ] [ ROUTE ] array (
  'type' => 'module',
  'module' => 
  array (
    0 => 'v1',
    1 => 'organization',
    2 => 'addorg',
  ),
)
[ info ] [ HEADER ] array (
  'cookie' => 'PHPSESSID=0gol6bu6svvgd9conasj6uh43g',
  'accept-language' => 'zh-CN,zh;q=0.9',
  'accept-encoding' => 'gzip, deflate',
  'referer' => 'http://local.hqy.com/v1/organization/index.html',
  'accept' => 'text/html,application/xhtml+xml,application/xml;q=0.9,image/webp,image/apng,*/*;q=0.8',
  'user-agent' => 'Mozilla/5.0 (Windows NT 6.1; WOW64) AppleWebKit/537.36 (KHTML, like Gecko) Chrome/65.0.3325.181 Safari/537.36',
  'upgrade-insecure-requests' => '1',
  'connection' => 'keep-alive',
  'host' => 'local.hqy.com',
  'content-type' => '',
  'content-length' => '',
)
[ info ] [ PARAM ] array (
)
[ info ] [ SESSION ] INIT array (
  'id' => '',
  'var_session_id' => '',
  'prefix' => 'think',
  'type' => '',
  'auto_start' => true,
)
[ info ] [ RUN ] app\v1\controller\organization->addorg[ /opt/web/hqy/application/v1/controller/Organization.php ]
[ info ] [ DB ] INIT mysql
[ info ] [ VIEW ] /opt/web/hqy/public/../application/v1/view/organization/addorg.html [ array (
  0 => 'site',
  1 => 'config',
  2 => 'request',
  3 => 'userInfo',
  4 => 'adaptive',
  5 => 'all_org',
  6 => 'saleUser',
) ]
[ info ] [ LOG ] INIT File
[ sql ] [ DB ] CONNECT:[ UseTime:0.108521s ] mysql:host=47.105.48.137;dbname=huiqiyun;charset=utf8
[ sql ] [ SQL ] SHOW COLUMNS FROM `users` [ RunTime:0.073113s ]
[ sql ] [ SQL ] SELECT * FROM `users` WHERE  `status` = 1 [ RunTime:0.402262s ]
[ sql ] [ SQL ] SHOW COLUMNS FROM `h_organization` [ RunTime:0.072898s ]
[ sql ] [ SQL ] SELECT * FROM `h_organization` ORDER BY `weigh` DESC [ RunTime:0.072823s ]
---------------------------------------------------------------
[ 2019-09-18T10:48:27+08:00 ] 172.26.2.167 POST local.hqy.com/v1/organization/addorg.html
[运行时间：1.867460s] [吞吐率：0.54req/s] [内存消耗：2,441.16kb] [文件加载：57]
[ info ] [ LANG ] /opt/web/hqy/thinkphp/lang/zh-cn.php
[ info ] [ ROUTE ] array (
  'type' => 'module',
  'module' => 
  array (
    0 => 'v1',
    1 => 'organization',
    2 => 'addorg',
  ),
)
[ info ] [ HEADER ] array (
  'cookie' => 'PHPSESSID=0gol6bu6svvgd9conasj6uh43g',
  'accept-language' => 'zh-CN,zh;q=0.9',
  'accept-encoding' => 'gzip, deflate',
  'referer' => 'http://local.hqy.com/v1/organization/addorg.html',
  'content-type' => 'application/x-www-form-urlencoded; charset=UTF-8',
  'user-agent' => 'Mozilla/5.0 (Windows NT 6.1; WOW64) AppleWebKit/537.36 (KHTML, like Gecko) Chrome/65.0.3325.181 Safari/537.36',
  'x-requested-with' => 'XMLHttpRequest',
  'origin' => 'http://local.hqy.com',
  'accept' => 'application/json, text/javascript, */*; q=0.01',
  'content-length' => '88',
  'connection' => 'keep-alive',
  'host' => 'local.hqy.com',
)
[ info ] [ PARAM ] array (
  'data' => 'pid=14&title=%E7%A8%8E%E5%8A%A1-A&manage_uid=1442&weigh=1',
)
[ info ] [ SESSION ] INIT array (
  'id' => '',
  'var_session_id' => '',
  'prefix' => 'think',
  'type' => '',
  'auto_start' => true,
)
[ info ] [ RUN ] app\v1\controller\organization->addorg[ /opt/web/hqy/application/v1/controller/Organization.php ]
[ info ] [ DB ] INIT mysql
[ info ] [ LOG ] INIT File
[ sql ] [ DB ] CONNECT:[ UseTime:0.115411s ] mysql:host=47.105.48.137;dbname=huiqiyun;charset=utf8
[ sql ] [ SQL ] SHOW COLUMNS FROM `h_organization` [ RunTime:0.077536s ]
[ sql ] [ SQL ] SELECT `id` FROM `h_organization` WHERE  `title` = '税务-A'  AND `pid` = 14 LIMIT 1 [ RunTime:0.076191s ]
[ sql ] [ SQL ] SHOW COLUMNS FROM `users` [ RunTime:0.078139s ]
[ sql ] [ SQL ] SELECT * FROM `users` WHERE  `status` = 1 [ RunTime:0.622651s ]
[ sql ] [ SQL ] SELECT `rank` FROM `h_organization` WHERE  `id` = 14 LIMIT 1 [ RunTime:0.076332s ]
[ sql ] [ SQL ] SELECT * FROM `h_organization` WHERE  `id` = 14 LIMIT 1 [ RunTime:0.077945s ]
[ sql ] [ SQL ] SELECT * FROM `h_organization` WHERE  `id` = 14 LIMIT 1 [ RunTime:0.076617s ]
[ sql ] [ SQL ] UPDATE `h_organization`  SET `lid`=`lid`+2  WHERE  `lid` > 9  AND `tid` = 7 [ RunTime:0.076462s ]
[ sql ] [ SQL ] UPDATE `h_organization`  SET `rid`=`rid`+2  WHERE  `lid` >= 9  AND `tid` = 7 [ RunTime:0.076599s ]
[ sql ] [ SQL ] UPDATE `h_organization`  SET `rid`=`rid`+2  WHERE  `lid` < 9  AND `rid` > 10  AND `tid` = 7 [ RunTime:0.076902s ]
[ sql ] [ SQL ] INSERT INTO `h_organization` (`pid` , `manage_uid` , `title` , `weigh` , `createtime` , `updatetime` , `status` , `manage` , `rank` , `tid` , `lid` , `rid`) VALUES (14 , 1442 , '税务-A' , 1 , 1568774905 , 1568774905 , 1 , '肖丽玲' , 4 , 7 , 10 , 11) [ RunTime:0.076830s ]
---------------------------------------------------------------
[ 2019-09-18T10:48:29+08:00 ] 172.26.2.167 POST local.hqy.com/v1/organization/index.html
[运行时间：0.498779s] [吞吐率：2.00req/s] [内存消耗：2,750.54kb] [文件加载：58]
[ info ] [ LANG ] /opt/web/hqy/thinkphp/lang/zh-cn.php
[ info ] [ ROUTE ] array (
  'type' => 'module',
  'module' => 
  array (
    0 => 'v1',
    1 => 'organization',
    2 => 'index',
  ),
)
[ info ] [ HEADER ] array (
  'cookie' => 'PHPSESSID=0gol6bu6svvgd9conasj6uh43g',
  'accept-language' => 'zh-CN,zh;q=0.9',
  'accept-encoding' => 'gzip, deflate',
  'referer' => 'http://local.hqy.com/v1/organization/index.html',
  'accept' => 'text/html,application/xhtml+xml,application/xml;q=0.9,image/webp,image/apng,*/*;q=0.8',
  'user-agent' => 'Mozilla/5.0 (Windows NT 6.1; WOW64) AppleWebKit/537.36 (KHTML, like Gecko) Chrome/65.0.3325.181 Safari/537.36',
  'content-type' => 'application/x-www-form-urlencoded',
  'upgrade-insecure-requests' => '1',
  'origin' => 'http://local.hqy.com',
  'cache-control' => 'max-age=0',
  'content-length' => '36',
  'connection' => 'keep-alive',
  'host' => 'local.hqy.com',
)
[ info ] [ PARAM ] array (
  'status' => '',
  'binding' => '',
  'user_name' => '',
  'account' => '',
)
[ info ] [ SESSION ] INIT array (
  'id' => '',
  'var_session_id' => '',
  'prefix' => 'think',
  'type' => '',
  'auto_start' => true,
)
[ info ] [ RUN ] app\v1\controller\organization->index[ /opt/web/hqy/application/v1/controller/Organization.php ]
[ info ] [ DB ] INIT mysql
[ info ] [ VIEW ] /opt/web/hqy/public/../application/v1/view/organization/index.html [ array (
  0 => 'site',
  1 => 'config',
  2 => 'request',
  3 => 'userInfo',
  4 => 'adaptive',
  5 => 'list',
) ]
[ info ] [ LOG ] INIT File
[ sql ] [ DB ] CONNECT:[ UseTime:0.122954s ] mysql:host=47.105.48.137;dbname=huiqiyun;charset=utf8
[ sql ] [ SQL ] SHOW COLUMNS FROM `h_organization` [ RunTime:0.083403s ]
[ sql ] [ SQL ] SELECT * FROM `h_organization` ORDER BY `weigh` DESC [ RunTime:0.082546s ]
---------------------------------------------------------------
[ 2019-09-18T10:49:04+08:00 ] 172.26.2.167 GET local.hqy.com/v1/organization/addorg.html
[运行时间：1.064243s] [吞吐率：0.94req/s] [内存消耗：2,886.74kb] [文件加载：59]
[ info ] [ LANG ] /opt/web/hqy/thinkphp/lang/zh-cn.php
[ info ] [ ROUTE ] array (
  'type' => 'module',
  'module' => 
  array (
    0 => 'v1',
    1 => 'organization',
    2 => 'addorg',
  ),
)
[ info ] [ HEADER ] array (
  'cookie' => 'PHPSESSID=0gol6bu6svvgd9conasj6uh43g',
  'accept-language' => 'zh-CN,zh;q=0.9',
  'accept-encoding' => 'gzip, deflate',
  'referer' => 'http://local.hqy.com/v1/organization/index.html',
  'accept' => 'text/html,application/xhtml+xml,application/xml;q=0.9,image/webp,image/apng,*/*;q=0.8',
  'user-agent' => 'Mozilla/5.0 (Windows NT 6.1; WOW64) AppleWebKit/537.36 (KHTML, like Gecko) Chrome/65.0.3325.181 Safari/537.36',
  'upgrade-insecure-requests' => '1',
  'connection' => 'keep-alive',
  'host' => 'local.hqy.com',
  'content-type' => '',
  'content-length' => '',
)
[ info ] [ PARAM ] array (
)
[ info ] [ SESSION ] INIT array (
  'id' => '',
  'var_session_id' => '',
  'prefix' => 'think',
  'type' => '',
  'auto_start' => true,
)
[ info ] [ RUN ] app\v1\controller\organization->addorg[ /opt/web/hqy/application/v1/controller/Organization.php ]
[ info ] [ DB ] INIT mysql
[ info ] [ VIEW ] /opt/web/hqy/public/../application/v1/view/organization/addorg.html [ array (
  0 => 'site',
  1 => 'config',
  2 => 'request',
  3 => 'userInfo',
  4 => 'adaptive',
  5 => 'all_org',
  6 => 'saleUser',
) ]
[ info ] [ LOG ] INIT File
[ sql ] [ DB ] CONNECT:[ UseTime:0.116417s ] mysql:host=47.105.48.137;dbname=huiqiyun;charset=utf8
[ sql ] [ SQL ] SHOW COLUMNS FROM `users` [ RunTime:0.080986s ]
[ sql ] [ SQL ] SELECT * FROM `users` WHERE  `status` = 1 [ RunTime:0.430406s ]
[ sql ] [ SQL ] SHOW COLUMNS FROM `h_organization` [ RunTime:0.078653s ]
[ sql ] [ SQL ] SELECT * FROM `h_organization` ORDER BY `weigh` DESC [ RunTime:0.078543s ]
---------------------------------------------------------------
[ 2019-09-18T10:49:27+08:00 ] 172.26.2.167 POST local.hqy.com/v1/organization/addorg.html
[运行时间：1.707571s] [吞吐率：0.59req/s] [内存消耗：2,441.24kb] [文件加载：57]
[ info ] [ LANG ] /opt/web/hqy/thinkphp/lang/zh-cn.php
[ info ] [ ROUTE ] array (
  'type' => 'module',
  'module' => 
  array (
    0 => 'v1',
    1 => 'organization',
    2 => 'addorg',
  ),
)
[ info ] [ HEADER ] array (
  'cookie' => 'PHPSESSID=0gol6bu6svvgd9conasj6uh43g',
  'accept-language' => 'zh-CN,zh;q=0.9',
  'accept-encoding' => 'gzip, deflate',
  'referer' => 'http://local.hqy.com/v1/organization/addorg.html',
  'content-type' => 'application/x-www-form-urlencoded; charset=UTF-8',
  'user-agent' => 'Mozilla/5.0 (Windows NT 6.1; WOW64) AppleWebKit/537.36 (KHTML, like Gecko) Chrome/65.0.3325.181 Safari/537.36',
  'x-requested-with' => 'XMLHttpRequest',
  'origin' => 'http://local.hqy.com',
  'accept' => 'application/json, text/javascript, */*; q=0.01',
  'content-length' => '118',
  'connection' => 'keep-alive',
  'host' => 'local.hqy.com',
)
[ info ] [ PARAM ] array (
  'data' => 'pid=16&title=%E9%87%87%E8%B4%AD%E4%B8%80%E7%BB%84-A&manage_uid=1404&weigh=1',
)
[ info ] [ SESSION ] INIT array (
  'id' => '',
  'var_session_id' => '',
  'prefix' => 'think',
  'type' => '',
  'auto_start' => true,
)
[ info ] [ RUN ] app\v1\controller\organization->addorg[ /opt/web/hqy/application/v1/controller/Organization.php ]
[ info ] [ DB ] INIT mysql
[ info ] [ LOG ] INIT File
[ sql ] [ DB ] CONNECT:[ UseTime:0.118680s ] mysql:host=47.105.48.137;dbname=huiqiyun;charset=utf8
[ sql ] [ SQL ] SHOW COLUMNS FROM `h_organization` [ RunTime:0.081498s ]
[ sql ] [ SQL ] SELECT `id` FROM `h_organization` WHERE  `title` = '采购一组-A'  AND `pid` = 16 LIMIT 1 [ RunTime:0.079611s ]
[ sql ] [ SQL ] SHOW COLUMNS FROM `users` [ RunTime:0.080989s ]
[ sql ] [ SQL ] SELECT * FROM `users` WHERE  `status` = 1 [ RunTime:0.446006s ]
[ sql ] [ SQL ] SELECT `rank` FROM `h_organization` WHERE  `id` = 16 LIMIT 1 [ RunTime:0.081754s ]
[ sql ] [ SQL ] SELECT * FROM `h_organization` WHERE  `id` = 16 LIMIT 1 [ RunTime:0.079976s ]
[ sql ] [ SQL ] SELECT * FROM `h_organization` WHERE  `id` = 16 LIMIT 1 [ RunTime:0.080920s ]
[ sql ] [ SQL ] UPDATE `h_organization`  SET `lid`=`lid`+2  WHERE  `lid` > 2  AND `tid` = 15 [ RunTime:0.078762s ]
[ sql ] [ SQL ] UPDATE `h_organization`  SET `rid`=`rid`+2  WHERE  `lid` >= 2  AND `tid` = 15 [ RunTime:0.079843s ]
[ sql ] [ SQL ] UPDATE `h_organization`  SET `rid`=`rid`+2  WHERE  `lid` < 2  AND `rid` > 3  AND `tid` = 15 [ RunTime:0.078604s ]
[ sql ] [ SQL ] INSERT INTO `h_organization` (`pid` , `manage_uid` , `title` , `weigh` , `createtime` , `updatetime` , `status` , `manage` , `rank` , `tid` , `lid` , `rid`) VALUES (16 , 1404 , '采购一组-A' , 1 , 1568774965 , 1568774965 , 1 , '李康' , 3 , 15 , 3 , 4) [ RunTime:0.080249s ]
---------------------------------------------------------------
[ 2019-09-18T10:49:29+08:00 ] 172.26.2.167 POST local.hqy.com/v1/organization/index.html
[运行时间：0.487668s] [吞吐率：2.05req/s] [内存消耗：2,756.73kb] [文件加载：58]
[ info ] [ LANG ] /opt/web/hqy/thinkphp/lang/zh-cn.php
[ info ] [ ROUTE ] array (
  'type' => 'module',
  'module' => 
  array (
    0 => 'v1',
    1 => 'organization',
    2 => 'index',
  ),
)
[ info ] [ HEADER ] array (
  'cookie' => 'PHPSESSID=0gol6bu6svvgd9conasj6uh43g',
  'accept-language' => 'zh-CN,zh;q=0.9',
  'accept-encoding' => 'gzip, deflate',
  'referer' => 'http://local.hqy.com/v1/organization/index.html',
  'accept' => 'text/html,application/xhtml+xml,application/xml;q=0.9,image/webp,image/apng,*/*;q=0.8',
  'user-agent' => 'Mozilla/5.0 (Windows NT 6.1; WOW64) AppleWebKit/537.36 (KHTML, like Gecko) Chrome/65.0.3325.181 Safari/537.36',
  'content-type' => 'application/x-www-form-urlencoded',
  'upgrade-insecure-requests' => '1',
  'origin' => 'http://local.hqy.com',
  'cache-control' => 'max-age=0',
  'content-length' => '36',
  'connection' => 'keep-alive',
  'host' => 'local.hqy.com',
)
[ info ] [ PARAM ] array (
  'status' => '',
  'binding' => '',
  'user_name' => '',
  'account' => '',
)
[ info ] [ SESSION ] INIT array (
  'id' => '',
  'var_session_id' => '',
  'prefix' => 'think',
  'type' => '',
  'auto_start' => true,
)
[ info ] [ RUN ] app\v1\controller\organization->index[ /opt/web/hqy/application/v1/controller/Organization.php ]
[ info ] [ DB ] INIT mysql
[ info ] [ VIEW ] /opt/web/hqy/public/../application/v1/view/organization/index.html [ array (
  0 => 'site',
  1 => 'config',
  2 => 'request',
  3 => 'userInfo',
  4 => 'adaptive',
  5 => 'list',
) ]
[ info ] [ LOG ] INIT File
[ sql ] [ DB ] CONNECT:[ UseTime:0.121251s ] mysql:host=47.105.48.137;dbname=huiqiyun;charset=utf8
[ sql ] [ SQL ] SHOW COLUMNS FROM `h_organization` [ RunTime:0.082372s ]
[ sql ] [ SQL ] SELECT * FROM `h_organization` ORDER BY `weigh` DESC [ RunTime:0.082351s ]
---------------------------------------------------------------
[ 2019-09-18T11:34:04+08:00 ] 172.26.2.167 GET local.hqy.com/v1/organization/addorg.html
[运行时间：1.001451s] [吞吐率：1.00req/s] [内存消耗：2,892.94kb] [文件加载：59]
[ info ] [ LANG ] /opt/web/hqy/thinkphp/lang/zh-cn.php
[ info ] [ ROUTE ] array (
  'type' => 'module',
  'module' => 
  array (
    0 => 'v1',
    1 => 'organization',
    2 => 'addorg',
  ),
)
[ info ] [ HEADER ] array (
  'cookie' => 'PHPSESSID=0gol6bu6svvgd9conasj6uh43g',
  'accept-language' => 'zh-CN,zh;q=0.9',
  'accept-encoding' => 'gzip, deflate',
  'referer' => 'http://local.hqy.com/v1/organization/index.html',
  'accept' => 'text/html,application/xhtml+xml,application/xml;q=0.9,image/webp,image/apng,*/*;q=0.8',
  'user-agent' => 'Mozilla/5.0 (Windows NT 6.1; WOW64) AppleWebKit/537.36 (KHTML, like Gecko) Chrome/65.0.3325.181 Safari/537.36',
  'upgrade-insecure-requests' => '1',
  'connection' => 'keep-alive',
  'host' => 'local.hqy.com',
  'content-type' => '',
  'content-length' => '',
)
[ info ] [ PARAM ] array (
)
[ info ] [ SESSION ] INIT array (
  'id' => '',
  'var_session_id' => '',
  'prefix' => 'think',
  'type' => '',
  'auto_start' => true,
)
[ info ] [ RUN ] app\v1\controller\organization->addorg[ /opt/web/hqy/application/v1/controller/Organization.php ]
[ info ] [ DB ] INIT mysql
[ info ] [ VIEW ] /opt/web/hqy/public/../application/v1/view/organization/addorg.html [ array (
  0 => 'site',
  1 => 'config',
  2 => 'request',
  3 => 'userInfo',
  4 => 'adaptive',
  5 => 'all_org',
  6 => 'saleUser',
) ]
[ info ] [ LOG ] INIT File
[ sql ] [ DB ] CONNECT:[ UseTime:0.108163s ] mysql:host=47.105.48.137;dbname=huiqiyun;charset=utf8
[ sql ] [ SQL ] SHOW COLUMNS FROM `users` [ RunTime:0.073798s ]
[ sql ] [ SQL ] SELECT * FROM `users` WHERE  `status` = 1 [ RunTime:0.371968s ]
[ sql ] [ SQL ] SHOW COLUMNS FROM `h_organization` [ RunTime:0.072490s ]
[ sql ] [ SQL ] SELECT * FROM `h_organization` ORDER BY `weigh` DESC [ RunTime:0.073681s ]
---------------------------------------------------------------
[ 2019-09-18T11:34:28+08:00 ] 172.26.2.167 POST local.hqy.com/v1/organization/addorg.html
[运行时间：1.624546s] [吞吐率：0.62req/s] [内存消耗：2,441.32kb] [文件加载：57]
[ info ] [ LANG ] /opt/web/hqy/thinkphp/lang/zh-cn.php
[ info ] [ ROUTE ] array (
  'type' => 'module',
  'module' => 
  array (
    0 => 'v1',
    1 => 'organization',
    2 => 'addorg',
  ),
)
[ info ] [ HEADER ] array (
  'cookie' => 'PHPSESSID=0gol6bu6svvgd9conasj6uh43g',
  'accept-language' => 'zh-CN,zh;q=0.9',
  'accept-encoding' => 'gzip, deflate',
  'referer' => 'http://local.hqy.com/v1/organization/addorg.html',
  'content-type' => 'application/x-www-form-urlencoded; charset=UTF-8',
  'user-agent' => 'Mozilla/5.0 (Windows NT 6.1; WOW64) AppleWebKit/537.36 (KHTML, like Gecko) Chrome/65.0.3325.181 Safari/537.36',
  'x-requested-with' => 'XMLHttpRequest',
  'origin' => 'http://local.hqy.com',
  'accept' => 'application/json, text/javascript, */*; q=0.01',
  'content-length' => '118',
  'connection' => 'keep-alive',
  'host' => 'local.hqy.com',
)
[ info ] [ PARAM ] array (
  'data' => 'pid=16&title=%E9%87%87%E8%B4%AD%E4%B8%80%E7%BB%84-B&manage_uid=1709&weigh=1',
)
[ info ] [ SESSION ] INIT array (
  'id' => '',
  'var_session_id' => '',
  'prefix' => 'think',
  'type' => '',
  'auto_start' => true,
)
[ info ] [ RUN ] app\v1\controller\organization->addorg[ /opt/web/hqy/application/v1/controller/Organization.php ]
[ info ] [ DB ] INIT mysql
[ info ] [ LOG ] INIT File
[ sql ] [ DB ] CONNECT:[ UseTime:0.113534s ] mysql:host=47.105.48.137;dbname=huiqiyun;charset=utf8
[ sql ] [ SQL ] SHOW COLUMNS FROM `h_organization` [ RunTime:0.077412s ]
[ sql ] [ SQL ] SELECT `id` FROM `h_organization` WHERE  `title` = '采购一组-B'  AND `pid` = 16 LIMIT 1 [ RunTime:0.076330s ]
[ sql ] [ SQL ] SHOW COLUMNS FROM `users` [ RunTime:0.077851s ]
[ sql ] [ SQL ] SELECT * FROM `users` WHERE  `status` = 1 [ RunTime:0.385229s ]
[ sql ] [ SQL ] SELECT `rank` FROM `h_organization` WHERE  `id` = 16 LIMIT 1 [ RunTime:0.076359s ]
[ sql ] [ SQL ] SELECT * FROM `h_organization` WHERE  `id` = 16 LIMIT 1 [ RunTime:0.076380s ]
[ sql ] [ SQL ] SELECT * FROM `h_organization` WHERE  `id` = 16 LIMIT 1 [ RunTime:0.076385s ]
[ sql ] [ SQL ] UPDATE `h_organization`  SET `lid`=`lid`+2  WHERE  `lid` > 2  AND `tid` = 15 [ RunTime:0.075852s ]
[ sql ] [ SQL ] UPDATE `h_organization`  SET `rid`=`rid`+2  WHERE  `lid` >= 2  AND `tid` = 15 [ RunTime:0.075572s ]
[ sql ] [ SQL ] UPDATE `h_organization`  SET `rid`=`rid`+2  WHERE  `lid` < 2  AND `rid` > 5  AND `tid` = 15 [ RunTime:0.075912s ]
[ sql ] [ SQL ] INSERT INTO `h_organization` (`pid` , `manage_uid` , `title` , `weigh` , `createtime` , `updatetime` , `status` , `manage` , `rank` , `tid` , `lid` , `rid`) VALUES (16 , 1709 , '采购一组-B' , 1 , 1568777667 , 1568777667 , 1 , '陈丹丹' , 3 , 15 , 3 , 4) [ RunTime:0.075362s ]
---------------------------------------------------------------
[ 2019-09-18T11:34:31+08:00 ] 172.26.2.167 POST local.hqy.com/v1/organization/index.html
[运行时间：0.474095s] [吞吐率：2.11req/s] [内存消耗：2,758.94kb] [文件加载：58]
[ info ] [ LANG ] /opt/web/hqy/thinkphp/lang/zh-cn.php
[ info ] [ ROUTE ] array (
  'type' => 'module',
  'module' => 
  array (
    0 => 'v1',
    1 => 'organization',
    2 => 'index',
  ),
)
[ info ] [ HEADER ] array (
  'cookie' => 'PHPSESSID=0gol6bu6svvgd9conasj6uh43g',
  'accept-language' => 'zh-CN,zh;q=0.9',
  'accept-encoding' => 'gzip, deflate',
  'referer' => 'http://local.hqy.com/v1/organization/index.html',
  'accept' => 'text/html,application/xhtml+xml,application/xml;q=0.9,image/webp,image/apng,*/*;q=0.8',
  'user-agent' => 'Mozilla/5.0 (Windows NT 6.1; WOW64) AppleWebKit/537.36 (KHTML, like Gecko) Chrome/65.0.3325.181 Safari/537.36',
  'content-type' => 'application/x-www-form-urlencoded',
  'upgrade-insecure-requests' => '1',
  'origin' => 'http://local.hqy.com',
  'cache-control' => 'max-age=0',
  'content-length' => '36',
  'connection' => 'keep-alive',
  'host' => 'local.hqy.com',
)
[ info ] [ PARAM ] array (
  'status' => '',
  'binding' => '',
  'user_name' => '',
  'account' => '',
)
[ info ] [ SESSION ] INIT array (
  'id' => '',
  'var_session_id' => '',
  'prefix' => 'think',
  'type' => '',
  'auto_start' => true,
)
[ info ] [ RUN ] app\v1\controller\organization->index[ /opt/web/hqy/application/v1/controller/Organization.php ]
[ info ] [ DB ] INIT mysql
[ info ] [ VIEW ] /opt/web/hqy/public/../application/v1/view/organization/index.html [ array (
  0 => 'site',
  1 => 'config',
  2 => 'request',
  3 => 'userInfo',
  4 => 'adaptive',
  5 => 'list',
) ]
[ info ] [ LOG ] INIT File
[ sql ] [ DB ] CONNECT:[ UseTime:0.107487s ] mysql:host=47.105.48.137;dbname=huiqiyun;charset=utf8
[ sql ] [ SQL ] SHOW COLUMNS FROM `h_organization` [ RunTime:0.073150s ]
[ sql ] [ SQL ] SELECT * FROM `h_organization` ORDER BY `weigh` DESC [ RunTime:0.072208s ]
---------------------------------------------------------------
[ 2019-09-18T11:48:31+08:00 ] 172.26.2.167 GET local.hqy.com/v1/organization/addorg.html
[运行时间：1.009351s] [吞吐率：0.99req/s] [内存消耗：2,895.14kb] [文件加载：59]
[ info ] [ LANG ] /opt/web/hqy/thinkphp/lang/zh-cn.php
[ info ] [ ROUTE ] array (
  'type' => 'module',
  'module' => 
  array (
    0 => 'v1',
    1 => 'organization',
    2 => 'addorg',
  ),
)
[ info ] [ HEADER ] array (
  'cookie' => 'PHPSESSID=0gol6bu6svvgd9conasj6uh43g',
  'accept-language' => 'zh-CN,zh;q=0.9',
  'accept-encoding' => 'gzip, deflate',
  'referer' => 'http://local.hqy.com/v1/organization/index.html',
  'accept' => 'text/html,application/xhtml+xml,application/xml;q=0.9,image/webp,image/apng,*/*;q=0.8',
  'user-agent' => 'Mozilla/5.0 (Windows NT 6.1; WOW64) AppleWebKit/537.36 (KHTML, like Gecko) Chrome/65.0.3325.181 Safari/537.36',
  'upgrade-insecure-requests' => '1',
  'connection' => 'keep-alive',
  'host' => 'local.hqy.com',
  'content-type' => '',
  'content-length' => '',
)
[ info ] [ PARAM ] array (
)
[ info ] [ SESSION ] INIT array (
  'id' => '',
  'var_session_id' => '',
  'prefix' => 'think',
  'type' => '',
  'auto_start' => true,
)
[ info ] [ RUN ] app\v1\controller\organization->addorg[ /opt/web/hqy/application/v1/controller/Organization.php ]
[ info ] [ DB ] INIT mysql
[ info ] [ VIEW ] /opt/web/hqy/public/../application/v1/view/organization/addorg.html [ array (
  0 => 'site',
  1 => 'config',
  2 => 'request',
  3 => 'userInfo',
  4 => 'adaptive',
  5 => 'all_org',
  6 => 'saleUser',
) ]
[ info ] [ LOG ] INIT File
[ sql ] [ DB ] CONNECT:[ UseTime:0.121673s ] mysql:host=47.105.48.137;dbname=huiqiyun;charset=utf8
[ sql ] [ SQL ] SHOW COLUMNS FROM `users` [ RunTime:0.079160s ]
[ sql ] [ SQL ] SELECT * FROM `users` WHERE  `status` = 1 [ RunTime:0.394559s ]
[ sql ] [ SQL ] SHOW COLUMNS FROM `h_organization` [ RunTime:0.077861s ]
[ sql ] [ SQL ] SELECT * FROM `h_organization` ORDER BY `weigh` DESC [ RunTime:0.076956s ]
---------------------------------------------------------------
[ 2019-09-18T11:49:02+08:00 ] 172.26.2.167 POST local.hqy.com/v1/organization/addorg.html
[运行时间：1.562212s] [吞吐率：0.64req/s] [内存消耗：2,441.32kb] [文件加载：57]
[ info ] [ LANG ] /opt/web/hqy/thinkphp/lang/zh-cn.php
[ info ] [ ROUTE ] array (
  'type' => 'module',
  'module' => 
  array (
    0 => 'v1',
    1 => 'organization',
    2 => 'addorg',
  ),
)
[ info ] [ HEADER ] array (
  'cookie' => 'PHPSESSID=0gol6bu6svvgd9conasj6uh43g',
  'accept-language' => 'zh-CN,zh;q=0.9',
  'accept-encoding' => 'gzip, deflate',
  'referer' => 'http://local.hqy.com/v1/organization/addorg.html',
  'content-type' => 'application/x-www-form-urlencoded; charset=UTF-8',
  'user-agent' => 'Mozilla/5.0 (Windows NT 6.1; WOW64) AppleWebKit/537.36 (KHTML, like Gecko) Chrome/65.0.3325.181 Safari/537.36',
  'x-requested-with' => 'XMLHttpRequest',
  'origin' => 'http://local.hqy.com',
  'accept' => 'application/json, text/javascript, */*; q=0.01',
  'content-length' => '118',
  'connection' => 'keep-alive',
  'host' => 'local.hqy.com',
)
[ info ] [ PARAM ] array (
  'data' => 'pid=16&title=%E9%87%87%E8%B4%AD%E4%B8%80%E7%BB%84-C&manage_uid=1442&weigh=1',
)
[ info ] [ SESSION ] INIT array (
  'id' => '',
  'var_session_id' => '',
  'prefix' => 'think',
  'type' => '',
  'auto_start' => true,
)
[ info ] [ RUN ] app\v1\controller\organization->addorg[ /opt/web/hqy/application/v1/controller/Organization.php ]
[ info ] [ DB ] INIT mysql
[ info ] [ LOG ] INIT File
[ sql ] [ DB ] CONNECT:[ UseTime:0.108311s ] mysql:host=47.105.48.137;dbname=huiqiyun;charset=utf8
[ sql ] [ SQL ] SHOW COLUMNS FROM `h_organization` [ RunTime:0.073208s ]
[ sql ] [ SQL ] SELECT `id` FROM `h_organization` WHERE  `title` = '采购一组-C'  AND `pid` = 16 LIMIT 1 [ RunTime:0.073103s ]
[ sql ] [ SQL ] SHOW COLUMNS FROM `users` [ RunTime:0.072574s ]
[ sql ] [ SQL ] SELECT * FROM `users` WHERE  `status` = 1 [ RunTime:0.399648s ]
[ sql ] [ SQL ] SELECT `rank` FROM `h_organization` WHERE  `id` = 16 LIMIT 1 [ RunTime:0.072108s ]
[ sql ] [ SQL ] SELECT * FROM `h_organization` WHERE  `id` = 16 LIMIT 1 [ RunTime:0.071832s ]
[ sql ] [ SQL ] SELECT * FROM `h_organization` WHERE  `id` = 16 LIMIT 1 [ RunTime:0.072713s ]
[ sql ] [ SQL ] UPDATE `h_organization`  SET `lid`=`lid`+2  WHERE  `lid` > 2  AND `tid` = 15 [ RunTime:0.071923s ]
[ sql ] [ SQL ] UPDATE `h_organization`  SET `rid`=`rid`+2  WHERE  `lid` >= 2  AND `tid` = 15 [ RunTime:0.072539s ]
[ sql ] [ SQL ] UPDATE `h_organization`  SET `rid`=`rid`+2  WHERE  `lid` < 2  AND `rid` > 7  AND `tid` = 15 [ RunTime:0.072198s ]
[ sql ] [ SQL ] INSERT INTO `h_organization` (`pid` , `manage_uid` , `title` , `weigh` , `createtime` , `updatetime` , `status` , `manage` , `rank` , `tid` , `lid` , `rid`) VALUES (16 , 1442 , '采购一组-C' , 1 , 1568778541 , 1568778541 , 1 , '肖丽玲' , 3 , 15 , 3 , 4) [ RunTime:0.071014s ]
---------------------------------------------------------------
[ 2019-09-18T11:49:05+08:00 ] 172.26.2.167 POST local.hqy.com/v1/organization/index.html
[运行时间：0.473566s] [吞吐率：2.11req/s] [内存消耗：2,761.18kb] [文件加载：58]
[ info ] [ LANG ] /opt/web/hqy/thinkphp/lang/zh-cn.php
[ info ] [ ROUTE ] array (
  'type' => 'module',
  'module' => 
  array (
    0 => 'v1',
    1 => 'organization',
    2 => 'index',
  ),
)
[ info ] [ HEADER ] array (
  'cookie' => 'PHPSESSID=0gol6bu6svvgd9conasj6uh43g',
  'accept-language' => 'zh-CN,zh;q=0.9',
  'accept-encoding' => 'gzip, deflate',
  'referer' => 'http://local.hqy.com/v1/organization/index.html',
  'accept' => 'text/html,application/xhtml+xml,application/xml;q=0.9,image/webp,image/apng,*/*;q=0.8',
  'user-agent' => 'Mozilla/5.0 (Windows NT 6.1; WOW64) AppleWebKit/537.36 (KHTML, like Gecko) Chrome/65.0.3325.181 Safari/537.36',
  'content-type' => 'application/x-www-form-urlencoded',
  'upgrade-insecure-requests' => '1',
  'origin' => 'http://local.hqy.com',
  'cache-control' => 'max-age=0',
  'content-length' => '36',
  'connection' => 'keep-alive',
  'host' => 'local.hqy.com',
)
[ info ] [ PARAM ] array (
  'status' => '',
  'binding' => '',
  'user_name' => '',
  'account' => '',
)
[ info ] [ SESSION ] INIT array (
  'id' => '',
  'var_session_id' => '',
  'prefix' => 'think',
  'type' => '',
  'auto_start' => true,
)
[ info ] [ RUN ] app\v1\controller\organization->index[ /opt/web/hqy/application/v1/controller/Organization.php ]
[ info ] [ DB ] INIT mysql
[ info ] [ VIEW ] /opt/web/hqy/public/../application/v1/view/organization/index.html [ array (
  0 => 'site',
  1 => 'config',
  2 => 'request',
  3 => 'userInfo',
  4 => 'adaptive',
  5 => 'list',
) ]
[ info ] [ LOG ] INIT File
[ sql ] [ DB ] CONNECT:[ UseTime:0.110508s ] mysql:host=47.105.48.137;dbname=huiqiyun;charset=utf8
[ sql ] [ SQL ] SHOW COLUMNS FROM `h_organization` [ RunTime:0.074774s ]
[ sql ] [ SQL ] SELECT * FROM `h_organization` ORDER BY `weigh` DESC [ RunTime:0.074179s ]
---------------------------------------------------------------
[ 2019-09-18T15:01:49+08:00 ] 172.26.2.167 GET local.hqy.com/v1/organization/addorg.html
[运行时间：0.996414s] [吞吐率：1.00req/s] [内存消耗：2,897.35kb] [文件加载：59]
[ info ] [ LANG ] /opt/web/hqy/thinkphp/lang/zh-cn.php
[ info ] [ ROUTE ] array (
  'type' => 'module',
  'module' => 
  array (
    0 => 'v1',
    1 => 'organization',
    2 => 'addorg',
  ),
)
[ info ] [ HEADER ] array (
  'cookie' => 'PHPSESSID=0gol6bu6svvgd9conasj6uh43g',
  'accept-language' => 'zh-CN,zh;q=0.9',
  'accept-encoding' => 'gzip, deflate',
  'referer' => 'http://local.hqy.com/v1/organization/index.html',
  'accept' => 'text/html,application/xhtml+xml,application/xml;q=0.9,image/webp,image/apng,*/*;q=0.8',
  'user-agent' => 'Mozilla/5.0 (Windows NT 6.1; WOW64) AppleWebKit/537.36 (KHTML, like Gecko) Chrome/65.0.3325.181 Safari/537.36',
  'upgrade-insecure-requests' => '1',
  'connection' => 'keep-alive',
  'host' => 'local.hqy.com',
  'content-type' => '',
  'content-length' => '',
)
[ info ] [ PARAM ] array (
)
[ info ] [ SESSION ] INIT array (
  'id' => '',
  'var_session_id' => '',
  'prefix' => 'think',
  'type' => '',
  'auto_start' => true,
)
[ info ] [ RUN ] app\v1\controller\organization->addorg[ /opt/web/hqy/application/v1/controller/Organization.php ]
[ info ] [ DB ] INIT mysql
[ info ] [ VIEW ] /opt/web/hqy/public/../application/v1/view/organization/addorg.html [ array (
  0 => 'site',
  1 => 'config',
  2 => 'request',
  3 => 'userInfo',
  4 => 'adaptive',
  5 => 'all_org',
  6 => 'saleUser',
) ]
[ info ] [ LOG ] INIT File
[ sql ] [ DB ] CONNECT:[ UseTime:0.129946s ] mysql:host=47.105.48.137;dbname=huiqiyun;charset=utf8
[ sql ] [ SQL ] SHOW COLUMNS FROM `users` [ RunTime:0.088064s ]
[ sql ] [ SQL ] SELECT * FROM `users` WHERE  `status` = 1 [ RunTime:0.307668s ]
[ sql ] [ SQL ] SHOW COLUMNS FROM `h_organization` [ RunTime:0.086754s ]
[ sql ] [ SQL ] SELECT * FROM `h_organization` ORDER BY `weigh` DESC [ RunTime:0.087492s ]
---------------------------------------------------------------
[ 2019-09-18T15:01:52+08:00 ] 172.26.2.167 GET local.hqy.com/v1/organization/addorg.html?pid=0&title=&manage_uid=&weigh=1
[运行时间：0.922037s] [吞吐率：1.08req/s] [内存消耗：3,099.94kb] [文件加载：59]
[ info ] [ LANG ] /opt/web/hqy/thinkphp/lang/zh-cn.php
[ info ] [ ROUTE ] array (
  'type' => 'module',
  'module' => 
  array (
    0 => 'v1',
    1 => 'organization',
    2 => 'addorg',
  ),
)
[ info ] [ HEADER ] array (
  'cookie' => 'PHPSESSID=0gol6bu6svvgd9conasj6uh43g',
  'accept-language' => 'zh-CN,zh;q=0.9',
  'accept-encoding' => 'gzip, deflate',
  'referer' => 'http://local.hqy.com/v1/organization/addorg.html',
  'accept' => 'text/html,application/xhtml+xml,application/xml;q=0.9,image/webp,image/apng,*/*;q=0.8',
  'user-agent' => 'Mozilla/5.0 (Windows NT 6.1; WOW64) AppleWebKit/537.36 (KHTML, like Gecko) Chrome/65.0.3325.181 Safari/537.36',
  'upgrade-insecure-requests' => '1',
  'connection' => 'keep-alive',
  'host' => 'local.hqy.com',
  'content-type' => '',
  'content-length' => '',
)
[ info ] [ PARAM ] array (
  'pid' => '0',
  'title' => '',
  'manage_uid' => '',
  'weigh' => '1',
)
[ info ] [ SESSION ] INIT array (
  'id' => '',
  'var_session_id' => '',
  'prefix' => 'think',
  'type' => '',
  'auto_start' => true,
)
[ info ] [ RUN ] app\v1\controller\organization->addorg[ /opt/web/hqy/application/v1/controller/Organization.php ]
[ info ] [ DB ] INIT mysql
[ info ] [ VIEW ] /opt/web/hqy/public/../application/v1/view/organization/addorg.html [ array (
  0 => 'site',
  1 => 'config',
  2 => 'request',
  3 => 'userInfo',
  4 => 'adaptive',
  5 => 'all_org',
  6 => 'saleUser',
) ]
[ info ] [ LOG ] INIT File
[ sql ] [ DB ] CONNECT:[ UseTime:0.109151s ] mysql:host=47.105.48.137;dbname=huiqiyun;charset=utf8
[ sql ] [ SQL ] SHOW COLUMNS FROM `users` [ RunTime:0.074548s ]
[ sql ] [ SQL ] SELECT * FROM `users` WHERE  `status` = 1 [ RunTime:0.264625s ]
[ sql ] [ SQL ] SHOW COLUMNS FROM `h_organization` [ RunTime:0.073702s ]
[ sql ] [ SQL ] SELECT * FROM `h_organization` ORDER BY `weigh` DESC [ RunTime:0.074350s ]
