---------------------------------------------------------------
[ 2019-09-25T10:50:02+08:00 ] 172.26.2.167 GET local.hqy.com/v1/organization/addorg.html
[运行时间：1.214512s] [吞吐率：0.82req/s] [内存消耗：2,911.40kb] [文件加载：59]
[ info ] [ LANG ] /opt/web/hqy/thinkphp/lang/zh-cn.php
[ info ] [ ROUTE ] array (
  'type' => 'module',
  'module' => 
  array (
    0 => 'v1',
    1 => 'organization',
    2 => 'addorg',
  ),
)
[ info ] [ HEADER ] array (
  'cookie' => 'PHPSESSID=b636j68sdcp6los2oigutdkbam',
  'accept-language' => 'zh-CN,zh;q=0.9',
  'accept-encoding' => 'gzip, deflate',
  'referer' => 'http://local.hqy.com/v1/organization/index.html',
  'accept' => 'text/html,application/xhtml+xml,application/xml;q=0.9,image/webp,image/apng,*/*;q=0.8',
  'user-agent' => 'Mozilla/5.0 (Windows NT 6.1; WOW64) AppleWebKit/537.36 (KHTML, like Gecko) Chrome/65.0.3325.181 Safari/537.36',
  'upgrade-insecure-requests' => '1',
  'connection' => 'keep-alive',
  'host' => 'local.hqy.com',
  'content-type' => '',
  'content-length' => '',
)
[ info ] [ PARAM ] array (
)
[ info ] [ SESSION ] INIT array (
  'id' => '',
  'var_session_id' => '',
  'prefix' => 'think',
  'type' => '',
  'auto_start' => true,
)
[ info ] [ RUN ] app\v1\controller\organization->addorg[ /opt/web/hqy/application/v1/controller/Organization.php ]
[ info ] [ DB ] INIT mysql
[ info ] [ VIEW ] /opt/web/hqy/public/../application/v1/view/organization/addorg.html [ array (
  0 => 'site',
  1 => 'config',
  2 => 'request',
  3 => 'userInfo',
  4 => 'adaptive',
  5 => 'all_org',
  6 => 'saleUser',
) ]
[ info ] [ LOG ] INIT File
[ sql ] [ DB ] CONNECT:[ UseTime:0.117203s ] mysql:host=47.105.48.137;dbname=huiqiyun;charset=utf8
[ sql ] [ SQL ] SHOW COLUMNS FROM `users` [ RunTime:0.078762s ]
[ sql ] [ SQL ] SELECT * FROM `users` WHERE  `status` = 1 [ RunTime:0.279804s ]
[ sql ] [ SQL ] SHOW COLUMNS FROM `h_organization` [ RunTime:0.075730s ]
[ sql ] [ SQL ] SELECT * FROM `h_organization` ORDER BY `weigh` DESC [ RunTime:0.080875s ]
---------------------------------------------------------------
[ 2019-09-25T10:50:03+08:00 ] 172.26.2.167 GET local.hqy.com/static/assets/components/bootstrap-select/css/bootstrap-select.css.map
[运行时间：0.176176s] [吞吐率：5.68req/s] [内存消耗：1,023.53kb] [文件加载：36]
[ info ] [ LANG ] /opt/web/hqy/thinkphp/lang/zh-cn.php
[ info ] [ ROUTE ] array (
  'type' => 'module',
  'module' => 
  array (
    0 => 'static',
    1 => 'assets',
    2 => 'components',
  ),
)
[ info ] [ HEADER ] array (
  'cookie' => 'PHPSESSID=b636j68sdcp6los2oigutdkbam',
  'accept-language' => 'zh-CN,zh;q=0.9',
  'accept-encoding' => 'gzip, deflate',
  'user-agent' => 'Mozilla/5.0 (Windows NT 6.1; WOW64) AppleWebKit/537.36 (KHTML, like Gecko) Chrome/65.0.3325.181 Safari/537.36',
  'connection' => 'keep-alive',
  'host' => 'local.hqy.com',
  'content-type' => '',
  'content-length' => '',
)
[ info ] [ PARAM ] array (
  'select' => 'css',
)
[ info ] [ LOG ] INIT File
---------------------------------------------------------------
[ 2019-09-25T10:50:46+08:00 ] 172.26.2.167 POST local.hqy.com/v1/organization/addorg.html
[运行时间：1.820631s] [吞吐率：0.55req/s] [内存消耗：2,450.94kb] [文件加载：57]
[ info ] [ LANG ] /opt/web/hqy/thinkphp/lang/zh-cn.php
[ info ] [ ROUTE ] array (
  'type' => 'module',
  'module' => 
  array (
    0 => 'v1',
    1 => 'organization',
    2 => 'addorg',
  ),
)
[ info ] [ HEADER ] array (
  'cookie' => 'PHPSESSID=b636j68sdcp6los2oigutdkbam',
  'accept-language' => 'zh-CN,zh;q=0.9',
  'accept-encoding' => 'gzip, deflate',
  'referer' => 'http://local.hqy.com/v1/organization/addorg.html',
  'content-type' => 'application/x-www-form-urlencoded; charset=UTF-8',
  'user-agent' => 'Mozilla/5.0 (Windows NT 6.1; WOW64) AppleWebKit/537.36 (KHTML, like Gecko) Chrome/65.0.3325.181 Safari/537.36',
  'x-requested-with' => 'XMLHttpRequest',
  'origin' => 'http://local.hqy.com',
  'accept' => 'application/json, text/javascript, */*; q=0.01',
  'content-length' => '130',
  'connection' => 'keep-alive',
  'host' => 'local.hqy.com',
)
[ info ] [ PARAM ] array (
  'data' => 'pid=12&title=%E6%B5%8B%E8%AF%95%E4%B8%80%E7%BB%84A&manage_uid=1456&weigh=1&is_add=1',
)
[ info ] [ SESSION ] INIT array (
  'id' => '',
  'var_session_id' => '',
  'prefix' => 'think',
  'type' => '',
  'auto_start' => true,
)
[ info ] [ RUN ] app\v1\controller\organization->addorg[ /opt/web/hqy/application/v1/controller/Organization.php ]
[ info ] [ DB ] INIT mysql
[ info ] [ LOG ] INIT File
[ sql ] [ DB ] CONNECT:[ UseTime:0.120833s ] mysql:host=47.105.48.137;dbname=huiqiyun;charset=utf8
[ sql ] [ SQL ] SHOW COLUMNS FROM `h_organization` [ RunTime:0.088864s ]
[ sql ] [ SQL ] SELECT `id` FROM `h_organization` WHERE  `title` = '测试一组A'  AND `pid` = 12 LIMIT 1 [ RunTime:0.080936s ]
[ sql ] [ SQL ] SHOW COLUMNS FROM `users` [ RunTime:0.082464s ]
[ sql ] [ SQL ] SELECT * FROM `users` WHERE  `status` = 1 [ RunTime:0.318807s ]
[ sql ] [ SQL ] SELECT `rank` FROM `h_organization` WHERE  `id` = 12 LIMIT 1 [ RunTime:0.082255s ]
[ sql ] [ SQL ] SELECT * FROM `h_organization` WHERE  `id` = 12 LIMIT 1 [ RunTime:0.081800s ]
[ sql ] [ SQL ] SELECT * FROM `h_organization` WHERE  `id` = 12 LIMIT 1 [ RunTime:0.082439s ]
[ sql ] [ SQL ] UPDATE `h_organization`  SET `lid`=`lid`+2  WHERE  `lid` > 13  AND `tid` = 1 [ RunTime:0.083002s ]
[ sql ] [ SQL ] UPDATE `h_organization`  SET `rid`=`rid`+2  WHERE  `lid` >= 13  AND `tid` = 1 [ RunTime:0.079130s ]
[ sql ] [ SQL ] UPDATE `h_organization`  SET `rid`=`rid`+2  WHERE  `lid` < 13  AND `rid` > 14  AND `tid` = 1 [ RunTime:0.081362s ]
[ sql ] [ SQL ] INSERT INTO `h_organization` (`pid` , `manage_uid` , `title` , `weigh` , `createtime` , `updatetime` , `status` , `manage` , `rank` , `tid` , `lid` , `rid`) VALUES (12 , 1456 , '测试一组A' , 1 , 1569379845 , 1569379845 , 1 , '董风平' , 4 , 1 , 14 , 15) [ RunTime:0.080292s ]
---------------------------------------------------------------
[ 2019-09-25T10:50:49+08:00 ] 172.26.2.167 GET local.hqy.com/v1/organization/index.html
[运行时间：0.686555s] [吞吐率：1.46req/s] [内存消耗：2,783.44kb] [文件加载：58]
[ info ] [ LANG ] /opt/web/hqy/thinkphp/lang/zh-cn.php
[ info ] [ ROUTE ] array (
  'type' => 'module',
  'module' => 
  array (
    0 => 'v1',
    1 => 'organization',
    2 => 'index',
  ),
)
[ info ] [ HEADER ] array (
  'cookie' => 'PHPSESSID=b636j68sdcp6los2oigutdkbam',
  'accept-language' => 'zh-CN,zh;q=0.9',
  'accept-encoding' => 'gzip, deflate',
  'referer' => 'http://local.hqy.com/v1/organization/index.html',
  'accept' => 'text/html,application/xhtml+xml,application/xml;q=0.9,image/webp,image/apng,*/*;q=0.8',
  'user-agent' => 'Mozilla/5.0 (Windows NT 6.1; WOW64) AppleWebKit/537.36 (KHTML, like Gecko) Chrome/65.0.3325.181 Safari/537.36',
  'upgrade-insecure-requests' => '1',
  'cache-control' => 'max-age=0',
  'connection' => 'keep-alive',
  'host' => 'local.hqy.com',
  'content-type' => '',
  'content-length' => '',
)
[ info ] [ PARAM ] array (
)
[ info ] [ SESSION ] INIT array (
  'id' => '',
  'var_session_id' => '',
  'prefix' => 'think',
  'type' => '',
  'auto_start' => true,
)
[ info ] [ RUN ] app\v1\controller\organization->index[ /opt/web/hqy/application/v1/controller/Organization.php ]
[ info ] [ DB ] INIT mysql
[ info ] [ VIEW ] /opt/web/hqy/public/../application/v1/view/organization/index.html [ array (
  0 => 'site',
  1 => 'config',
  2 => 'request',
  3 => 'userInfo',
  4 => 'adaptive',
  5 => 'list',
) ]
[ info ] [ LOG ] INIT File
[ sql ] [ DB ] CONNECT:[ UseTime:0.099857s ] mysql:host=47.105.48.137;dbname=huiqiyun;charset=utf8
[ sql ] [ SQL ] SHOW COLUMNS FROM `h_organization` [ RunTime:0.067299s ]
[ sql ] [ SQL ] SELECT * FROM `h_organization` ORDER BY `weigh` DESC [ RunTime:0.069611s ]
---------------------------------------------------------------
[ 2019-09-25T10:50:49+08:00 ] 172.26.2.167 GET local.hqy.com/static/assets/components/bootstrap-select/css/bootstrap-select.css.map
[运行时间：0.133733s] [吞吐率：7.48req/s] [内存消耗：1,023.53kb] [文件加载：36]
[ info ] [ LANG ] /opt/web/hqy/thinkphp/lang/zh-cn.php
[ info ] [ ROUTE ] array (
  'type' => 'module',
  'module' => 
  array (
    0 => 'static',
    1 => 'assets',
    2 => 'components',
  ),
)
[ info ] [ HEADER ] array (
  'cookie' => 'PHPSESSID=b636j68sdcp6los2oigutdkbam',
  'accept-language' => 'zh-CN,zh;q=0.9',
  'accept-encoding' => 'gzip, deflate',
  'user-agent' => 'Mozilla/5.0 (Windows NT 6.1; WOW64) AppleWebKit/537.36 (KHTML, like Gecko) Chrome/65.0.3325.181 Safari/537.36',
  'connection' => 'keep-alive',
  'host' => 'local.hqy.com',
  'content-type' => '',
  'content-length' => '',
)
[ info ] [ PARAM ] array (
  'select' => 'css',
)
[ info ] [ LOG ] INIT File
