---------------------------------------------------------------
[ 2019-10-16T09:00:23+08:00 ] 172.26.2.48 GET local.hqy.com/v1/organization/index?status=&binding=&user_name=++%E7%AB%A5&account=
[运行时间：0.766226s] [吞吐率：1.31req/s] [内存消耗：2,719.41kb] [文件加载：58]
[ info ] [ LANG ] /opt/web/hqy/thinkphp/lang/zh-cn.php
[ info ] [ ROUTE ] array (
  'type' => 'module',
  'module' => 
  array (
    0 => 'v1',
    1 => 'organization',
    2 => 'index',
  ),
)
[ info ] [ HEADER ] array (
  'cookie' => 'PHPSESSID=vakljrq2nvmalr4m2u5ar6tmsc',
  'accept-language' => 'zh-CN,zh;q=0.9',
  'accept-encoding' => 'gzip, deflate',
  'referer' => 'http://local.hqy.com/v1/organization/index?status=1&binding=&user_name=+%E7%AB%A5&account=',
  'accept' => 'text/html,application/xhtml+xml,application/xml;q=0.9,image/webp,image/apng,*/*;q=0.8',
  'user-agent' => 'Mozilla/5.0 (Windows NT 6.1; WOW64) AppleWebKit/537.36 (KHTML, like Gecko) Chrome/65.0.3325.181 Safari/537.36',
  'upgrade-insecure-requests' => '1',
  'connection' => 'keep-alive',
  'host' => 'local.hqy.com',
  'content-type' => '',
  'content-length' => '',
)
[ info ] [ PARAM ] array (
  'status' => '',
  'binding' => '',
  'user_name' => '  童',
  'account' => '',
)
[ info ] [ SESSION ] INIT array (
  'id' => '',
  'var_session_id' => '',
  'prefix' => 'think',
  'type' => '',
  'auto_start' => true,
)
[ info ] [ RUN ] app\v1\controller\organization->index[ /opt/web/hqy/application/v1/controller/Organization.php ]
[ info ] [ DB ] INIT mysql
[ info ] [ VIEW ] /opt/web/hqy/public/../application/v1/view/organization/index.html [ array (
  0 => 'site',
  1 => 'config',
  2 => 'paths',
  3 => 'request',
  4 => 'userInfo',
  5 => 'adaptive',
  6 => 'params',
  7 => 'list',
) ]
[ info ] [ LOG ] INIT File
[ sql ] [ DB ] CONNECT:[ UseTime:0.120678s ] mysql:host=47.105.48.137;dbname=huiqiyun;charset=utf8
[ sql ] [ SQL ] SHOW COLUMNS FROM `h_organization` [ RunTime:0.086651s ]
[ sql ] [ SQL ] SELECT * FROM `h_organization` WHERE  (`manage` LIKE '%童%') ORDER BY `weigh` DESC [ RunTime:0.083007s ]
---------------------------------------------------------------
[ 2019-10-16T09:00:24+08:00 ] 172.26.2.48 GET local.hqy.com/static/assets/components/bootstrap-select/css/bootstrap-select.css.map
[运行时间：0.148677s] [吞吐率：6.73req/s] [内存消耗：1,023.53kb] [文件加载：36]
[ info ] [ LANG ] /opt/web/hqy/thinkphp/lang/zh-cn.php
[ info ] [ ROUTE ] array (
  'type' => 'module',
  'module' => 
  array (
    0 => 'static',
    1 => 'assets',
    2 => 'components',
  ),
)
[ info ] [ HEADER ] array (
  'cookie' => 'PHPSESSID=vakljrq2nvmalr4m2u5ar6tmsc',
  'accept-language' => 'zh-CN,zh;q=0.9',
  'accept-encoding' => 'gzip, deflate',
  'user-agent' => 'Mozilla/5.0 (Windows NT 6.1; WOW64) AppleWebKit/537.36 (KHTML, like Gecko) Chrome/65.0.3325.181 Safari/537.36',
  'connection' => 'keep-alive',
  'host' => 'local.hqy.com',
  'content-type' => '',
  'content-length' => '',
)
[ info ] [ PARAM ] array (
  'select' => 'css',
)
[ info ] [ LOG ] INIT File
---------------------------------------------------------------
[ 2019-10-16T09:00:38+08:00 ] 172.26.2.48 GET local.hqy.com/v1/organization/index?status=0&binding=&user_name=%E7%AB%A5&account=
[运行时间：0.723897s] [吞吐率：1.38req/s] [内存消耗：2,719.42kb] [文件加载：58]
[ info ] [ LANG ] /opt/web/hqy/thinkphp/lang/zh-cn.php
[ info ] [ ROUTE ] array (
  'type' => 'module',
  'module' => 
  array (
    0 => 'v1',
    1 => 'organization',
    2 => 'index',
  ),
)
[ info ] [ HEADER ] array (
  'cookie' => 'PHPSESSID=vakljrq2nvmalr4m2u5ar6tmsc',
  'accept-language' => 'zh-CN,zh;q=0.9',
  'accept-encoding' => 'gzip, deflate',
  'referer' => 'http://local.hqy.com/v1/organization/index?status=&binding=&user_name=++%E7%AB%A5&account=',
  'accept' => 'text/html,application/xhtml+xml,application/xml;q=0.9,image/webp,image/apng,*/*;q=0.8',
  'user-agent' => 'Mozilla/5.0 (Windows NT 6.1; WOW64) AppleWebKit/537.36 (KHTML, like Gecko) Chrome/65.0.3325.181 Safari/537.36',
  'upgrade-insecure-requests' => '1',
  'connection' => 'keep-alive',
  'host' => 'local.hqy.com',
  'content-type' => '',
  'content-length' => '',
)
[ info ] [ PARAM ] array (
  'status' => '0',
  'binding' => '',
  'user_name' => '童',
  'account' => '',
)
[ info ] [ SESSION ] INIT array (
  'id' => '',
  'var_session_id' => '',
  'prefix' => 'think',
  'type' => '',
  'auto_start' => true,
)
[ info ] [ RUN ] app\v1\controller\organization->index[ /opt/web/hqy/application/v1/controller/Organization.php ]
[ info ] [ DB ] INIT mysql
[ info ] [ VIEW ] /opt/web/hqy/public/../application/v1/view/organization/index.html [ array (
  0 => 'site',
  1 => 'config',
  2 => 'paths',
  3 => 'request',
  4 => 'userInfo',
  5 => 'adaptive',
  6 => 'params',
  7 => 'list',
) ]
[ info ] [ LOG ] INIT File
[ sql ] [ DB ] CONNECT:[ UseTime:0.106016s ] mysql:host=47.105.48.137;dbname=huiqiyun;charset=utf8
[ sql ] [ SQL ] SHOW COLUMNS FROM `h_organization` [ RunTime:0.072479s ]
[ sql ] [ SQL ] SELECT * FROM `h_organization` WHERE  (`manage` LIKE '%童%') ORDER BY `weigh` DESC [ RunTime:0.080902s ]
---------------------------------------------------------------
[ 2019-10-16T09:00:38+08:00 ] 172.26.2.48 GET local.hqy.com/static/assets/components/bootstrap-select/css/bootstrap-select.css.map
[运行时间：0.150879s] [吞吐率：6.63req/s] [内存消耗：1,023.53kb] [文件加载：36]
[ info ] [ LANG ] /opt/web/hqy/thinkphp/lang/zh-cn.php
[ info ] [ ROUTE ] array (
  'type' => 'module',
  'module' => 
  array (
    0 => 'static',
    1 => 'assets',
    2 => 'components',
  ),
)
[ info ] [ HEADER ] array (
  'cookie' => 'PHPSESSID=vakljrq2nvmalr4m2u5ar6tmsc',
  'accept-language' => 'zh-CN,zh;q=0.9',
  'accept-encoding' => 'gzip, deflate',
  'user-agent' => 'Mozilla/5.0 (Windows NT 6.1; WOW64) AppleWebKit/537.36 (KHTML, like Gecko) Chrome/65.0.3325.181 Safari/537.36',
  'connection' => 'keep-alive',
  'host' => 'local.hqy.com',
  'content-type' => '',
  'content-length' => '',
)
[ info ] [ PARAM ] array (
  'select' => 'css',
)
[ info ] [ LOG ] INIT File
---------------------------------------------------------------
[ 2019-10-16T09:00:47+08:00 ] 172.26.2.48 GET local.hqy.com/v1/organization/index?status=&binding=&user_name=+%E7%AB%A5&account=
[运行时间：0.744049s] [吞吐率：1.34req/s] [内存消耗：2,719.42kb] [文件加载：58]
[ info ] [ LANG ] /opt/web/hqy/thinkphp/lang/zh-cn.php
[ info ] [ ROUTE ] array (
  'type' => 'module',
  'module' => 
  array (
    0 => 'v1',
    1 => 'organization',
    2 => 'index',
  ),
)
[ info ] [ HEADER ] array (
  'cookie' => 'PHPSESSID=vakljrq2nvmalr4m2u5ar6tmsc',
  'accept-language' => 'zh-CN,zh;q=0.9',
  'accept-encoding' => 'gzip, deflate',
  'referer' => 'http://local.hqy.com/v1/organization/index?status=0&binding=&user_name=%E7%AB%A5&account=',
  'accept' => 'text/html,application/xhtml+xml,application/xml;q=0.9,image/webp,image/apng,*/*;q=0.8',
  'user-agent' => 'Mozilla/5.0 (Windows NT 6.1; WOW64) AppleWebKit/537.36 (KHTML, like Gecko) Chrome/65.0.3325.181 Safari/537.36',
  'upgrade-insecure-requests' => '1',
  'connection' => 'keep-alive',
  'host' => 'local.hqy.com',
  'content-type' => '',
  'content-length' => '',
)
[ info ] [ PARAM ] array (
  'status' => '',
  'binding' => '',
  'user_name' => ' 童',
  'account' => '',
)
[ info ] [ SESSION ] INIT array (
  'id' => '',
  'var_session_id' => '',
  'prefix' => 'think',
  'type' => '',
  'auto_start' => true,
)
[ info ] [ RUN ] app\v1\controller\organization->index[ /opt/web/hqy/application/v1/controller/Organization.php ]
[ info ] [ DB ] INIT mysql
[ info ] [ VIEW ] /opt/web/hqy/public/../application/v1/view/organization/index.html [ array (
  0 => 'site',
  1 => 'config',
  2 => 'paths',
  3 => 'request',
  4 => 'userInfo',
  5 => 'adaptive',
  6 => 'params',
  7 => 'list',
) ]
[ info ] [ LOG ] INIT File
[ sql ] [ DB ] CONNECT:[ UseTime:0.120216s ] mysql:host=47.105.48.137;dbname=huiqiyun;charset=utf8
[ sql ] [ SQL ] SHOW COLUMNS FROM `h_organization` [ RunTime:0.077550s ]
[ sql ] [ SQL ] SELECT * FROM `h_organization` WHERE  (`manage` LIKE '%童%') ORDER BY `weigh` DESC [ RunTime:0.091383s ]
---------------------------------------------------------------
[ 2019-10-16T09:00:47+08:00 ] 172.26.2.48 GET local.hqy.com/static/assets/components/bootstrap-select/css/bootstrap-select.css.map
[运行时间：0.137708s] [吞吐率：7.26req/s] [内存消耗：1,023.53kb] [文件加载：36]
[ info ] [ LANG ] /opt/web/hqy/thinkphp/lang/zh-cn.php
[ info ] [ ROUTE ] array (
  'type' => 'module',
  'module' => 
  array (
    0 => 'static',
    1 => 'assets',
    2 => 'components',
  ),
)
[ info ] [ HEADER ] array (
  'cookie' => 'PHPSESSID=vakljrq2nvmalr4m2u5ar6tmsc',
  'accept-language' => 'zh-CN,zh;q=0.9',
  'accept-encoding' => 'gzip, deflate',
  'user-agent' => 'Mozilla/5.0 (Windows NT 6.1; WOW64) AppleWebKit/537.36 (KHTML, like Gecko) Chrome/65.0.3325.181 Safari/537.36',
  'connection' => 'keep-alive',
  'host' => 'local.hqy.com',
  'content-type' => '',
  'content-length' => '',
)
[ info ] [ PARAM ] array (
  'select' => 'css',
)
[ info ] [ LOG ] INIT File
---------------------------------------------------------------
[ 2019-10-16T09:06:14+08:00 ] 172.26.2.48 GET local.hqy.com/v1/organization/index.html
[运行时间：0.778341s] [吞吐率：1.28req/s] [内存消耗：2,793.05kb] [文件加载：58]
[ info ] [ LANG ] /opt/web/hqy/thinkphp/lang/zh-cn.php
[ info ] [ ROUTE ] array (
  'type' => 'module',
  'module' => 
  array (
    0 => 'v1',
    1 => 'organization',
    2 => 'index',
  ),
)
[ info ] [ HEADER ] array (
  'cookie' => 'PHPSESSID=vakljrq2nvmalr4m2u5ar6tmsc',
  'accept-language' => 'zh-CN,zh;q=0.9',
  'accept-encoding' => 'gzip, deflate',
  'referer' => 'http://local.hqy.com/v1/organization/index?status=&binding=&user_name=+%E7%AB%A5&account=',
  'accept' => 'text/html,application/xhtml+xml,application/xml;q=0.9,image/webp,image/apng,*/*;q=0.8',
  'user-agent' => 'Mozilla/5.0 (Windows NT 6.1; WOW64) AppleWebKit/537.36 (KHTML, like Gecko) Chrome/65.0.3325.181 Safari/537.36',
  'upgrade-insecure-requests' => '1',
  'connection' => 'keep-alive',
  'host' => 'local.hqy.com',
  'content-type' => '',
  'content-length' => '',
)
[ info ] [ PARAM ] array (
)
[ info ] [ SESSION ] INIT array (
  'id' => '',
  'var_session_id' => '',
  'prefix' => 'think',
  'type' => '',
  'auto_start' => true,
)
[ info ] [ RUN ] app\v1\controller\organization->index[ /opt/web/hqy/application/v1/controller/Organization.php ]
[ info ] [ DB ] INIT mysql
[ info ] [ VIEW ] /opt/web/hqy/public/../application/v1/view/organization/index.html [ array (
  0 => 'site',
  1 => 'config',
  2 => 'paths',
  3 => 'request',
  4 => 'userInfo',
  5 => 'adaptive',
  6 => 'params',
  7 => 'list',
) ]
[ info ] [ LOG ] INIT File
[ sql ] [ DB ] CONNECT:[ UseTime:0.123930s ] mysql:host=47.105.48.137;dbname=huiqiyun;charset=utf8
[ sql ] [ SQL ] SHOW COLUMNS FROM `h_organization` [ RunTime:0.083231s ]
[ sql ] [ SQL ] SELECT * FROM `h_organization` ORDER BY `weigh` DESC [ RunTime:0.084471s ]
---------------------------------------------------------------
[ 2019-10-16T09:06:15+08:00 ] 172.26.2.48 GET local.hqy.com/static/assets/components/bootstrap-select/css/bootstrap-select.css.map
[运行时间：0.156010s] [吞吐率：6.41req/s] [内存消耗：1,023.53kb] [文件加载：36]
[ info ] [ LANG ] /opt/web/hqy/thinkphp/lang/zh-cn.php
[ info ] [ ROUTE ] array (
  'type' => 'module',
  'module' => 
  array (
    0 => 'static',
    1 => 'assets',
    2 => 'components',
  ),
)
[ info ] [ HEADER ] array (
  'cookie' => 'PHPSESSID=vakljrq2nvmalr4m2u5ar6tmsc',
  'accept-language' => 'zh-CN,zh;q=0.9',
  'accept-encoding' => 'gzip, deflate',
  'user-agent' => 'Mozilla/5.0 (Windows NT 6.1; WOW64) AppleWebKit/537.36 (KHTML, like Gecko) Chrome/65.0.3325.181 Safari/537.36',
  'connection' => 'keep-alive',
  'host' => 'local.hqy.com',
  'content-type' => '',
  'content-length' => '',
)
[ info ] [ PARAM ] array (
  'select' => 'css',
)
[ info ] [ LOG ] INIT File
---------------------------------------------------------------
[ 2019-10-16T09:06:17+08:00 ] 172.26.2.48 GET local.hqy.com/v1/system/menu.html
[运行时间：1.398096s] [吞吐率：0.72req/s] [内存消耗：2,817.24kb] [文件加载：64]
[ info ] [ LANG ] /opt/web/hqy/thinkphp/lang/zh-cn.php
[ info ] [ ROUTE ] array (
  'type' => 'module',
  'module' => 
  array (
    0 => 'v1',
    1 => 'system',
    2 => 'menu',
  ),
)
[ info ] [ HEADER ] array (
  'cookie' => 'PHPSESSID=vakljrq2nvmalr4m2u5ar6tmsc',
  'accept-language' => 'zh-CN,zh;q=0.9',
  'accept-encoding' => 'gzip, deflate',
  'referer' => 'http://local.hqy.com/v1/organization/index.html',
  'accept' => 'text/html,application/xhtml+xml,application/xml;q=0.9,image/webp,image/apng,*/*;q=0.8',
  'user-agent' => 'Mozilla/5.0 (Windows NT 6.1; WOW64) AppleWebKit/537.36 (KHTML, like Gecko) Chrome/65.0.3325.181 Safari/537.36',
  'upgrade-insecure-requests' => '1',
  'connection' => 'keep-alive',
  'host' => 'local.hqy.com',
  'content-type' => '',
  'content-length' => '',
)
[ info ] [ PARAM ] array (
)
[ info ] [ SESSION ] INIT array (
  'id' => '',
  'var_session_id' => '',
  'prefix' => 'think',
  'type' => '',
  'auto_start' => true,
)
[ info ] [ RUN ] app\v1\controller\system->menu[ /opt/web/hqy/application/v1/controller/System.php ]
[ info ] [ CACHE ] INIT redis
[ info ] [ DB ] INIT mysql
[ info ] [ VIEW ] /opt/web/hqy/public/../application/v1/view/system/menu.html [ array (
  0 => 'site',
  1 => 'config',
  2 => 'paths',
  3 => 'request',
  4 => 'userInfo',
  5 => 'adaptive',
  6 => 'menuList',
  7 => 'status',
  8 => 'type',
  9 => 'data',
  10 => 'page',
) ]
[ info ] [ LOG ] INIT File
[ sql ] [ DB ] CONNECT:[ UseTime:0.138227s ] mysql:host=47.105.48.137;dbname=huiqiyun;charset=utf8
[ sql ] [ SQL ] SHOW COLUMNS FROM `h_menus` [ RunTime:0.090989s ]
[ sql ] [ SQL ] SELECT COUNT(*) AS tp_count FROM `h_menus` WHERE  `status` = 1 LIMIT 1 [ RunTime:0.089885s ]
[ sql ] [ SQL ] SELECT `id`,`type`,`pid`,`title`,`url`,`icon`,`weigh`,`status`,`createtime`,`remark` FROM `h_menus` WHERE  `status` = 1 ORDER BY `weigh` DESC LIMIT 0,20 [ RunTime:0.091264s ]
[ sql ] [ SQL ] SELECT * FROM `h_menus` ORDER BY `weigh` DESC [ RunTime:0.093296s ]
---------------------------------------------------------------
[ 2019-10-16T09:06:18+08:00 ] 172.26.2.48 GET local.hqy.com/static/assets/dist/font/6xK1dSBYKcSV-LCoeQqfX1RYOo3qPZ7nsDI.woff2
[运行时间：0.270126s] [吞吐率：3.70req/s] [内存消耗：1,026.27kb] [文件加载：36]
[ info ] [ LANG ] /opt/web/hqy/thinkphp/lang/zh-cn.php
[ info ] [ ROUTE ] array (
  'type' => 'module',
  'module' => 
  array (
    0 => 'static',
    1 => 'assets',
    2 => 'dist',
  ),
)
[ info ] [ HEADER ] array (
  'cookie' => 'PHPSESSID=vakljrq2nvmalr4m2u5ar6tmsc',
  'accept-language' => 'zh-CN,zh;q=0.9',
  'accept-encoding' => 'gzip, deflate',
  'referer' => 'http://local.hqy.com/static/assets/dist/css/fontcss.css',
  'accept' => '*/*',
  'user-agent' => 'Mozilla/5.0 (Windows NT 6.1; WOW64) AppleWebKit/537.36 (KHTML, like Gecko) Chrome/65.0.3325.181 Safari/537.36',
  'origin' => 'http://local.hqy.com',
  'connection' => 'keep-alive',
  'host' => 'local.hqy.com',
  'content-type' => '',
  'content-length' => '',
)
[ info ] [ PARAM ] array (
  'font' => '6xK1dSBYKcSV-LCoeQqfX1RYOo3qPZ7nsDI.woff2',
)
[ info ] [ LOG ] INIT File
---------------------------------------------------------------
[ 2019-10-16T09:06:18+08:00 ] 172.26.2.48 GET local.hqy.com/static/assets/components/bootstrap-select/css/bootstrap-select.css.map
[运行时间：0.230874s] [吞吐率：4.33req/s] [内存消耗：1,023.53kb] [文件加载：36]
[ info ] [ LANG ] /opt/web/hqy/thinkphp/lang/zh-cn.php
[ info ] [ ROUTE ] array (
  'type' => 'module',
  'module' => 
  array (
    0 => 'static',
    1 => 'assets',
    2 => 'components',
  ),
)
[ info ] [ HEADER ] array (
  'cookie' => 'PHPSESSID=vakljrq2nvmalr4m2u5ar6tmsc',
  'accept-language' => 'zh-CN,zh;q=0.9',
  'accept-encoding' => 'gzip, deflate',
  'user-agent' => 'Mozilla/5.0 (Windows NT 6.1; WOW64) AppleWebKit/537.36 (KHTML, like Gecko) Chrome/65.0.3325.181 Safari/537.36',
  'connection' => 'keep-alive',
  'host' => 'local.hqy.com',
  'content-type' => '',
  'content-length' => '',
)
[ info ] [ PARAM ] array (
  'select' => 'css',
)
[ info ] [ LOG ] INIT File
---------------------------------------------------------------
[ 2019-10-16T09:14:28+08:00 ] 172.26.2.48 GET local.hqy.com/v1/system/menu.html
[运行时间：0.924185s] [吞吐率：1.08req/s] [内存消耗：2,817.70kb] [文件加载：64]
[ info ] [ LANG ] /opt/web/hqy/thinkphp/lang/zh-cn.php
[ info ] [ ROUTE ] array (
  'type' => 'module',
  'module' => 
  array (
    0 => 'v1',
    1 => 'system',
    2 => 'menu',
  ),
)
[ info ] [ HEADER ] array (
  'cookie' => 'PHPSESSID=vakljrq2nvmalr4m2u5ar6tmsc',
  'accept-language' => 'zh-CN,zh;q=0.9',
  'accept-encoding' => 'gzip, deflate',
  'referer' => 'http://local.hqy.com/v1/organization/index.html',
  'accept' => 'text/html,application/xhtml+xml,application/xml;q=0.9,image/webp,image/apng,*/*;q=0.8',
  'user-agent' => 'Mozilla/5.0 (Windows NT 6.1; WOW64) AppleWebKit/537.36 (KHTML, like Gecko) Chrome/65.0.3325.181 Safari/537.36',
  'upgrade-insecure-requests' => '1',
  'cache-control' => 'max-age=0',
  'connection' => 'keep-alive',
  'host' => 'local.hqy.com',
  'content-type' => '',
  'content-length' => '',
)
[ info ] [ PARAM ] array (
)
[ info ] [ SESSION ] INIT array (
  'id' => '',
  'var_session_id' => '',
  'prefix' => 'think',
  'type' => '',
  'auto_start' => true,
)
[ info ] [ RUN ] app\v1\controller\system->menu[ /opt/web/hqy/application/v1/controller/System.php ]
[ info ] [ CACHE ] INIT redis
[ info ] [ DB ] INIT mysql
[ info ] [ VIEW ] /opt/web/hqy/public/../application/v1/view/system/menu.html [ array (
  0 => 'site',
  1 => 'config',
  2 => 'paths',
  3 => 'request',
  4 => 'userInfo',
  5 => 'adaptive',
  6 => 'menuList',
  7 => 'status',
  8 => 'type',
  9 => 'data',
  10 => 'page',
) ]
[ info ] [ LOG ] INIT File
[ sql ] [ DB ] CONNECT:[ UseTime:0.101016s ] mysql:host=47.105.48.137;dbname=huiqiyun;charset=utf8
[ sql ] [ SQL ] SHOW COLUMNS FROM `h_menus` [ RunTime:0.068612s ]
[ sql ] [ SQL ] SELECT COUNT(*) AS tp_count FROM `h_menus` WHERE  `status` = 1 LIMIT 1 [ RunTime:0.066982s ]
[ sql ] [ SQL ] SELECT `id`,`type`,`pid`,`title`,`url`,`icon`,`weigh`,`status`,`createtime`,`remark` FROM `h_menus` WHERE  `status` = 1 ORDER BY `weigh` DESC LIMIT 0,20 [ RunTime:0.067738s ]
[ sql ] [ SQL ] SELECT * FROM `h_menus` ORDER BY `weigh` DESC [ RunTime:0.070249s ]
---------------------------------------------------------------
[ 2019-10-16T09:14:29+08:00 ] 172.26.2.48 GET local.hqy.com/static/assets/dist/font/6xK1dSBYKcSV-LCoeQqfX1RYOo3qPZ7nsDI.woff2
[运行时间：0.284761s] [吞吐率：3.51req/s] [内存消耗：1,026.27kb] [文件加载：36]
[ info ] [ LANG ] /opt/web/hqy/thinkphp/lang/zh-cn.php
[ info ] [ ROUTE ] array (
  'type' => 'module',
  'module' => 
  array (
    0 => 'static',
    1 => 'assets',
    2 => 'dist',
  ),
)
[ info ] [ HEADER ] array (
  'cookie' => 'PHPSESSID=vakljrq2nvmalr4m2u5ar6tmsc',
  'accept-language' => 'zh-CN,zh;q=0.9',
  'accept-encoding' => 'gzip, deflate',
  'referer' => 'http://local.hqy.com/static/assets/dist/css/fontcss.css',
  'accept' => '*/*',
  'user-agent' => 'Mozilla/5.0 (Windows NT 6.1; WOW64) AppleWebKit/537.36 (KHTML, like Gecko) Chrome/65.0.3325.181 Safari/537.36',
  'origin' => 'http://local.hqy.com',
  'connection' => 'keep-alive',
  'host' => 'local.hqy.com',
  'content-type' => '',
  'content-length' => '',
)
[ info ] [ PARAM ] array (
  'font' => '6xK1dSBYKcSV-LCoeQqfX1RYOo3qPZ7nsDI.woff2',
)
[ info ] [ LOG ] INIT File
---------------------------------------------------------------
[ 2019-10-16T09:14:29+08:00 ] 172.26.2.48 GET local.hqy.com/static/assets/components/bootstrap-select/css/bootstrap-select.css.map
[运行时间：0.224143s] [吞吐率：4.46req/s] [内存消耗：1,023.53kb] [文件加载：36]
[ info ] [ LANG ] /opt/web/hqy/thinkphp/lang/zh-cn.php
[ info ] [ ROUTE ] array (
  'type' => 'module',
  'module' => 
  array (
    0 => 'static',
    1 => 'assets',
    2 => 'components',
  ),
)
[ info ] [ HEADER ] array (
  'cookie' => 'PHPSESSID=vakljrq2nvmalr4m2u5ar6tmsc',
  'accept-language' => 'zh-CN,zh;q=0.9',
  'accept-encoding' => 'gzip, deflate',
  'user-agent' => 'Mozilla/5.0 (Windows NT 6.1; WOW64) AppleWebKit/537.36 (KHTML, like Gecko) Chrome/65.0.3325.181 Safari/537.36',
  'connection' => 'keep-alive',
  'host' => 'local.hqy.com',
  'content-type' => '',
  'content-length' => '',
)
[ info ] [ PARAM ] array (
  'select' => 'css',
)
[ info ] [ LOG ] INIT File
---------------------------------------------------------------
[ 2019-10-16T09:14:33+08:00 ] 172.26.2.48 GET local.hqy.com/v1/system/menu.html
[运行时间：0.921481s] [吞吐率：1.09req/s] [内存消耗：2,817.70kb] [文件加载：64]
[ info ] [ LANG ] /opt/web/hqy/thinkphp/lang/zh-cn.php
[ info ] [ ROUTE ] array (
  'type' => 'module',
  'module' => 
  array (
    0 => 'v1',
    1 => 'system',
    2 => 'menu',
  ),
)
[ info ] [ HEADER ] array (
  'cookie' => 'PHPSESSID=vakljrq2nvmalr4m2u5ar6tmsc',
  'accept-language' => 'zh-CN,zh;q=0.9',
  'accept-encoding' => 'gzip, deflate',
  'referer' => 'http://local.hqy.com/v1/organization/index.html',
  'accept' => 'text/html,application/xhtml+xml,application/xml;q=0.9,image/webp,image/apng,*/*;q=0.8',
  'user-agent' => 'Mozilla/5.0 (Windows NT 6.1; WOW64) AppleWebKit/537.36 (KHTML, like Gecko) Chrome/65.0.3325.181 Safari/537.36',
  'upgrade-insecure-requests' => '1',
  'cache-control' => 'max-age=0',
  'connection' => 'keep-alive',
  'host' => 'local.hqy.com',
  'content-type' => '',
  'content-length' => '',
)
[ info ] [ PARAM ] array (
)
[ info ] [ SESSION ] INIT array (
  'id' => '',
  'var_session_id' => '',
  'prefix' => 'think',
  'type' => '',
  'auto_start' => true,
)
[ info ] [ RUN ] app\v1\controller\system->menu[ /opt/web/hqy/application/v1/controller/System.php ]
[ info ] [ CACHE ] INIT redis
[ info ] [ DB ] INIT mysql
[ info ] [ VIEW ] /opt/web/hqy/public/../application/v1/view/system/menu.html [ array (
  0 => 'site',
  1 => 'config',
  2 => 'paths',
  3 => 'request',
  4 => 'userInfo',
  5 => 'adaptive',
  6 => 'menuList',
  7 => 'status',
  8 => 'type',
  9 => 'data',
  10 => 'page',
) ]
[ info ] [ LOG ] INIT File
[ sql ] [ DB ] CONNECT:[ UseTime:0.122183s ] mysql:host=47.105.48.137;dbname=huiqiyun;charset=utf8
[ sql ] [ SQL ] SHOW COLUMNS FROM `h_menus` [ RunTime:0.085194s ]
[ sql ] [ SQL ] SELECT COUNT(*) AS tp_count FROM `h_menus` WHERE  `status` = 1 LIMIT 1 [ RunTime:0.079138s ]
[ sql ] [ SQL ] SELECT `id`,`type`,`pid`,`title`,`url`,`icon`,`weigh`,`status`,`createtime`,`remark` FROM `h_menus` WHERE  `status` = 1 ORDER BY `weigh` DESC LIMIT 0,20 [ RunTime:0.081712s ]
[ sql ] [ SQL ] SELECT * FROM `h_menus` ORDER BY `weigh` DESC [ RunTime:0.080883s ]
---------------------------------------------------------------
[ 2019-10-16T09:14:34+08:00 ] 172.26.2.48 GET local.hqy.com/static/assets/dist/font/6xK1dSBYKcSV-LCoeQqfX1RYOo3qPZ7nsDI.woff2
[运行时间：0.273468s] [吞吐率：3.66req/s] [内存消耗：1,026.27kb] [文件加载：36]
[ info ] [ LANG ] /opt/web/hqy/thinkphp/lang/zh-cn.php
[ info ] [ ROUTE ] array (
  'type' => 'module',
  'module' => 
  array (
    0 => 'static',
    1 => 'assets',
    2 => 'dist',
  ),
)
[ info ] [ HEADER ] array (
  'cookie' => 'PHPSESSID=vakljrq2nvmalr4m2u5ar6tmsc',
  'accept-language' => 'zh-CN,zh;q=0.9',
  'accept-encoding' => 'gzip, deflate',
  'referer' => 'http://local.hqy.com/static/assets/dist/css/fontcss.css',
  'accept' => '*/*',
  'user-agent' => 'Mozilla/5.0 (Windows NT 6.1; WOW64) AppleWebKit/537.36 (KHTML, like Gecko) Chrome/65.0.3325.181 Safari/537.36',
  'origin' => 'http://local.hqy.com',
  'connection' => 'keep-alive',
  'host' => 'local.hqy.com',
  'content-type' => '',
  'content-length' => '',
)
[ info ] [ PARAM ] array (
  'font' => '6xK1dSBYKcSV-LCoeQqfX1RYOo3qPZ7nsDI.woff2',
)
[ info ] [ LOG ] INIT File
---------------------------------------------------------------
[ 2019-10-16T09:14:34+08:00 ] 172.26.2.48 GET local.hqy.com/static/assets/components/bootstrap-select/css/bootstrap-select.css.map
[运行时间：0.207459s] [吞吐率：4.82req/s] [内存消耗：1,023.53kb] [文件加载：36]
[ info ] [ LANG ] /opt/web/hqy/thinkphp/lang/zh-cn.php
[ info ] [ ROUTE ] array (
  'type' => 'module',
  'module' => 
  array (
    0 => 'static',
    1 => 'assets',
    2 => 'components',
  ),
)
[ info ] [ HEADER ] array (
  'cookie' => 'PHPSESSID=vakljrq2nvmalr4m2u5ar6tmsc',
  'accept-language' => 'zh-CN,zh;q=0.9',
  'accept-encoding' => 'gzip, deflate',
  'user-agent' => 'Mozilla/5.0 (Windows NT 6.1; WOW64) AppleWebKit/537.36 (KHTML, like Gecko) Chrome/65.0.3325.181 Safari/537.36',
  'connection' => 'keep-alive',
  'host' => 'local.hqy.com',
  'content-type' => '',
  'content-length' => '',
)
[ info ] [ PARAM ] array (
  'select' => 'css',
)
[ info ] [ LOG ] INIT File
---------------------------------------------------------------
[ 2019-10-16T10:40:52+08:00 ] 172.26.2.48 GET local.hqy.com/v1/system/menu.html
[运行时间：0.948259s] [吞吐率：1.05req/s] [内存消耗：2,817.91kb] [文件加载：64]
[ info ] [ LANG ] /opt/web/hqy/thinkphp/lang/zh-cn.php
[ info ] [ ROUTE ] array (
  'type' => 'module',
  'module' => 
  array (
    0 => 'v1',
    1 => 'system',
    2 => 'menu',
  ),
)
[ info ] [ HEADER ] array (
  'cookie' => 'PHPSESSID=vakljrq2nvmalr4m2u5ar6tmsc',
  'accept-language' => 'zh-CN,zh;q=0.9',
  'accept-encoding' => 'gzip, deflate',
  'referer' => 'http://local.hqy.com/v1/organization/index.html',
  'accept' => 'text/html,application/xhtml+xml,application/xml;q=0.9,image/webp,image/apng,*/*;q=0.8',
  'user-agent' => 'Mozilla/5.0 (Windows NT 6.1; WOW64) AppleWebKit/537.36 (KHTML, like Gecko) Chrome/65.0.3325.181 Safari/537.36',
  'upgrade-insecure-requests' => '1',
  'cache-control' => 'max-age=0',
  'connection' => 'keep-alive',
  'host' => 'local.hqy.com',
  'content-type' => '',
  'content-length' => '',
)
[ info ] [ PARAM ] array (
)
[ info ] [ SESSION ] INIT array (
  'id' => '',
  'var_session_id' => '',
  'prefix' => 'think',
  'type' => '',
  'auto_start' => true,
)
[ info ] [ RUN ] app\v1\controller\system->menu[ /opt/web/hqy/application/v1/controller/System.php ]
[ info ] [ CACHE ] INIT redis
[ info ] [ DB ] INIT mysql
[ info ] [ VIEW ] /opt/web/hqy/public/../application/v1/view/system/menu.html [ array (
  0 => 'site',
  1 => 'config',
  2 => 'paths',
  3 => 'request',
  4 => 'userInfo',
  5 => 'adaptive',
  6 => 'menuList',
  7 => 'status',
  8 => 'type',
  9 => 'data',
  10 => 'page',
) ]
[ info ] [ LOG ] INIT File
[ sql ] [ DB ] CONNECT:[ UseTime:0.106259s ] mysql:host=47.105.48.137;dbname=huiqiyun;charset=utf8
[ sql ] [ SQL ] SHOW COLUMNS FROM `h_menus` [ RunTime:0.072111s ]
[ sql ] [ SQL ] SELECT COUNT(*) AS tp_count FROM `h_menus` WHERE  `status` = 1 LIMIT 1 [ RunTime:0.071705s ]
[ sql ] [ SQL ] SELECT `id`,`type`,`pid`,`title`,`url`,`icon`,`weigh`,`status`,`createtime`,`remark` FROM `h_menus` WHERE  `status` = 1 ORDER BY `weigh` DESC LIMIT 0,20 [ RunTime:0.089050s ]
[ sql ] [ SQL ] SELECT * FROM `h_menus` ORDER BY `weigh` DESC [ RunTime:0.075339s ]
---------------------------------------------------------------
[ 2019-10-16T10:40:53+08:00 ] 172.26.2.48 GET local.hqy.com/v1/system/menu.html
[运行时间：0.882182s] [吞吐率：1.13req/s] [内存消耗：2,817.91kb] [文件加载：64]
[ info ] [ LANG ] /opt/web/hqy/thinkphp/lang/zh-cn.php
[ info ] [ ROUTE ] array (
  'type' => 'module',
  'module' => 
  array (
    0 => 'v1',
    1 => 'system',
    2 => 'menu',
  ),
)
[ info ] [ HEADER ] array (
  'cookie' => 'PHPSESSID=vakljrq2nvmalr4m2u5ar6tmsc',
  'accept-language' => 'zh-CN,zh;q=0.9',
  'accept-encoding' => 'gzip, deflate',
  'referer' => 'http://local.hqy.com/v1/organization/index.html',
  'accept' => 'text/html,application/xhtml+xml,application/xml;q=0.9,image/webp,image/apng,*/*;q=0.8',
  'user-agent' => 'Mozilla/5.0 (Windows NT 6.1; WOW64) AppleWebKit/537.36 (KHTML, like Gecko) Chrome/65.0.3325.181 Safari/537.36',
  'upgrade-insecure-requests' => '1',
  'cache-control' => 'max-age=0',
  'connection' => 'keep-alive',
  'host' => 'local.hqy.com',
  'content-type' => '',
  'content-length' => '',
)
[ info ] [ PARAM ] array (
)
[ info ] [ SESSION ] INIT array (
  'id' => '',
  'var_session_id' => '',
  'prefix' => 'think',
  'type' => '',
  'auto_start' => true,
)
[ info ] [ RUN ] app\v1\controller\system->menu[ /opt/web/hqy/application/v1/controller/System.php ]
[ info ] [ CACHE ] INIT redis
[ info ] [ DB ] INIT mysql
[ info ] [ VIEW ] /opt/web/hqy/public/../application/v1/view/system/menu.html [ array (
  0 => 'site',
  1 => 'config',
  2 => 'paths',
  3 => 'request',
  4 => 'userInfo',
  5 => 'adaptive',
  6 => 'menuList',
  7 => 'status',
  8 => 'type',
  9 => 'data',
  10 => 'page',
) ]
[ info ] [ LOG ] INIT File
[ sql ] [ DB ] CONNECT:[ UseTime:0.091780s ] mysql:host=47.105.48.137;dbname=huiqiyun;charset=utf8
[ sql ] [ SQL ] SHOW COLUMNS FROM `h_menus` [ RunTime:0.064009s ]
[ sql ] [ SQL ] SELECT COUNT(*) AS tp_count FROM `h_menus` WHERE  `status` = 1 LIMIT 1 [ RunTime:0.061737s ]
[ sql ] [ SQL ] SELECT `id`,`type`,`pid`,`title`,`url`,`icon`,`weigh`,`status`,`createtime`,`remark` FROM `h_menus` WHERE  `status` = 1 ORDER BY `weigh` DESC LIMIT 0,20 [ RunTime:0.069418s ]
[ sql ] [ SQL ] SELECT * FROM `h_menus` ORDER BY `weigh` DESC [ RunTime:0.063932s ]
---------------------------------------------------------------
[ 2019-10-16T10:40:53+08:00 ] 172.26.2.48 GET local.hqy.com/static/assets/dist/font/6xK1dSBYKcSV-LCoeQqfX1RYOo3qPZ7nsDI.woff2
[运行时间：0.330864s] [吞吐率：3.02req/s] [内存消耗：1,026.27kb] [文件加载：36]
[ info ] [ LANG ] /opt/web/hqy/thinkphp/lang/zh-cn.php
[ info ] [ ROUTE ] array (
  'type' => 'module',
  'module' => 
  array (
    0 => 'static',
    1 => 'assets',
    2 => 'dist',
  ),
)
[ info ] [ HEADER ] array (
  'cookie' => 'PHPSESSID=vakljrq2nvmalr4m2u5ar6tmsc',
  'accept-language' => 'zh-CN,zh;q=0.9',
  'accept-encoding' => 'gzip, deflate',
  'referer' => 'http://local.hqy.com/static/assets/dist/css/fontcss.css',
  'accept' => '*/*',
  'user-agent' => 'Mozilla/5.0 (Windows NT 6.1; WOW64) AppleWebKit/537.36 (KHTML, like Gecko) Chrome/65.0.3325.181 Safari/537.36',
  'origin' => 'http://local.hqy.com',
  'connection' => 'keep-alive',
  'host' => 'local.hqy.com',
  'content-type' => '',
  'content-length' => '',
)
[ info ] [ PARAM ] array (
  'font' => '6xK1dSBYKcSV-LCoeQqfX1RYOo3qPZ7nsDI.woff2',
)
[ info ] [ LOG ] INIT File
---------------------------------------------------------------
[ 2019-10-16T10:40:53+08:00 ] 172.26.2.48 GET local.hqy.com/static/assets/components/bootstrap-select/css/bootstrap-select.css.map
[运行时间：0.258814s] [吞吐率：3.86req/s] [内存消耗：1,023.53kb] [文件加载：36]
[ info ] [ LANG ] /opt/web/hqy/thinkphp/lang/zh-cn.php
[ info ] [ ROUTE ] array (
  'type' => 'module',
  'module' => 
  array (
    0 => 'static',
    1 => 'assets',
    2 => 'components',
  ),
)
[ info ] [ HEADER ] array (
  'cookie' => 'PHPSESSID=vakljrq2nvmalr4m2u5ar6tmsc',
  'accept-language' => 'zh-CN,zh;q=0.9',
  'accept-encoding' => 'gzip, deflate',
  'user-agent' => 'Mozilla/5.0 (Windows NT 6.1; WOW64) AppleWebKit/537.36 (KHTML, like Gecko) Chrome/65.0.3325.181 Safari/537.36',
  'connection' => 'keep-alive',
  'host' => 'local.hqy.com',
  'content-type' => '',
  'content-length' => '',
)
[ info ] [ PARAM ] array (
  'select' => 'css',
)
[ info ] [ LOG ] INIT File
---------------------------------------------------------------
[ 2019-10-16T11:34:12+08:00 ] 172.26.2.48 GET local.hqy.com/v1/system/menu.html
[运行时间：1.280407s] [吞吐率：0.78req/s] [内存消耗：2,676.45kb] [文件加载：64]
[ info ] [ LANG ] /opt/web/hqy/thinkphp/lang/zh-cn.php
[ info ] [ ROUTE ] array (
  'type' => 'module',
  'module' => 
  array (
    0 => 'v1',
    1 => 'system',
    2 => 'menu',
  ),
)
[ info ] [ HEADER ] array (
  'cookie' => 'PHPSESSID=vakljrq2nvmalr4m2u5ar6tmsc',
  'accept-language' => 'zh-CN,zh;q=0.9',
  'accept-encoding' => 'gzip, deflate',
  'referer' => 'http://local.hqy.com/v1/organization/index.html',
  'accept' => 'text/html,application/xhtml+xml,application/xml;q=0.9,image/webp,image/apng,*/*;q=0.8',
  'user-agent' => 'Mozilla/5.0 (Windows NT 6.1; WOW64) AppleWebKit/537.36 (KHTML, like Gecko) Chrome/65.0.3325.181 Safari/537.36',
  'upgrade-insecure-requests' => '1',
  'cache-control' => 'max-age=0',
  'connection' => 'keep-alive',
  'host' => 'local.hqy.com',
  'content-type' => '',
  'content-length' => '',
)
[ info ] [ PARAM ] array (
)
[ info ] [ SESSION ] INIT array (
  'id' => '',
  'var_session_id' => '',
  'prefix' => 'think',
  'type' => '',
  'auto_start' => true,
)
[ info ] [ RUN ] app\v1\controller\system->menu[ /opt/web/hqy/application/v1/controller/System.php ]
[ info ] [ CACHE ] INIT redis
[ info ] [ DB ] INIT mysql
[ info ] [ LOG ] INIT File
[ sql ] [ DB ] CONNECT:[ UseTime:0.124154s ] mysql:host=47.105.48.137;dbname=huiqiyun;charset=utf8
[ sql ] [ SQL ] SHOW COLUMNS FROM `h_menus` [ RunTime:0.083564s ]
[ sql ] [ SQL ] SELECT COUNT(*) AS tp_count FROM `h_menus` WHERE  `status` = 1 LIMIT 1 [ RunTime:0.084607s ]
[ sql ] [ SQL ] SELECT `id`,`type`,`pid`,`title`,`url`,`icon`,`weigh`,`status`,`createtime`,`remark` FROM `h_menus` WHERE  `status` = 1 ORDER BY `weigh` DESC LIMIT 0,20 [ RunTime:0.083029s ]
[ sql ] [ SQL ] SELECT * FROM `h_menus` ORDER BY `weigh` DESC [ RunTime:0.086997s ]
[ error ] [0]模板文件不存在:/opt/web/hqy/public/../application/v1/view/system/menu.html[/opt/web/hqy/thinkphp/library/think/view/driver/Think.php:82]
---------------------------------------------------------------
[ 2019-10-16T11:34:56+08:00 ] 172.26.2.48 GET local.hqy.com/v1/systems/system/menu.html
[运行时间：0.350360s] [吞吐率：2.85req/s] [内存消耗：1,027.90kb] [文件加载：37]
[ info ] [ LANG ] /opt/web/hqy/thinkphp/lang/zh-cn.php
[ info ] [ ROUTE ] array (
  'type' => 'module',
  'module' => 
  array (
    0 => 'v1',
    1 => 'systems',
    2 => 'system',
  ),
)
[ info ] [ HEADER ] array (
  'cookie' => 'PHPSESSID=vakljrq2nvmalr4m2u5ar6tmsc',
  'accept-language' => 'zh-CN,zh;q=0.9',
  'accept-encoding' => 'gzip, deflate',
  'accept' => 'text/html,application/xhtml+xml,application/xml;q=0.9,image/webp,image/apng,*/*;q=0.8',
  'user-agent' => 'Mozilla/5.0 (Windows NT 6.1; WOW64) AppleWebKit/537.36 (KHTML, like Gecko) Chrome/65.0.3325.181 Safari/537.36',
  'upgrade-insecure-requests' => '1',
  'connection' => 'keep-alive',
  'host' => 'local.hqy.com',
  'content-type' => '',
  'content-length' => '',
)
[ info ] [ PARAM ] array (
)
[ info ] [ LOG ] INIT File
---------------------------------------------------------------
[ 2019-10-16T11:35:34+08:00 ] 172.26.2.48 GET local.hqy.com/v1/systems/system/menu.html
[运行时间：0.307595s] [吞吐率：3.25req/s] [内存消耗：1,028.11kb] [文件加载：37]
[ info ] [ LANG ] /opt/web/hqy/thinkphp/lang/zh-cn.php
[ info ] [ ROUTE ] array (
  'type' => 'module',
  'module' => 
  array (
    0 => 'v1',
    1 => 'systems',
    2 => 'system',
  ),
)
[ info ] [ HEADER ] array (
  'cookie' => 'PHPSESSID=vakljrq2nvmalr4m2u5ar6tmsc',
  'accept-language' => 'zh-CN,zh;q=0.9',
  'accept-encoding' => 'gzip, deflate',
  'accept' => 'text/html,application/xhtml+xml,application/xml;q=0.9,image/webp,image/apng,*/*;q=0.8',
  'user-agent' => 'Mozilla/5.0 (Windows NT 6.1; WOW64) AppleWebKit/537.36 (KHTML, like Gecko) Chrome/65.0.3325.181 Safari/537.36',
  'upgrade-insecure-requests' => '1',
  'cache-control' => 'max-age=0',
  'connection' => 'keep-alive',
  'host' => 'local.hqy.com',
  'content-type' => '',
  'content-length' => '',
)
[ info ] [ PARAM ] array (
)
[ info ] [ LOG ] INIT File
---------------------------------------------------------------
[ 2019-10-16T11:35:36+08:00 ] 172.26.2.48 GET local.hqy.com/v1/systems/system/menu.html
[运行时间：0.281183s] [吞吐率：3.56req/s] [内存消耗：1,028.11kb] [文件加载：37]
[ info ] [ LANG ] /opt/web/hqy/thinkphp/lang/zh-cn.php
[ info ] [ ROUTE ] array (
  'type' => 'module',
  'module' => 
  array (
    0 => 'v1',
    1 => 'systems',
    2 => 'system',
  ),
)
[ info ] [ HEADER ] array (
  'cookie' => 'PHPSESSID=vakljrq2nvmalr4m2u5ar6tmsc',
  'accept-language' => 'zh-CN,zh;q=0.9',
  'accept-encoding' => 'gzip, deflate',
  'accept' => 'text/html,application/xhtml+xml,application/xml;q=0.9,image/webp,image/apng,*/*;q=0.8',
  'user-agent' => 'Mozilla/5.0 (Windows NT 6.1; WOW64) AppleWebKit/537.36 (KHTML, like Gecko) Chrome/65.0.3325.181 Safari/537.36',
  'upgrade-insecure-requests' => '1',
  'cache-control' => 'max-age=0',
  'connection' => 'keep-alive',
  'host' => 'local.hqy.com',
  'content-type' => '',
  'content-length' => '',
)
[ info ] [ PARAM ] array (
)
[ info ] [ LOG ] INIT File
---------------------------------------------------------------
[ 2019-10-16T11:35:37+08:00 ] 172.26.2.48 GET local.hqy.com/v1/systems/system/menu.html
[运行时间：0.292565s] [吞吐率：3.42req/s] [内存消耗：1,028.11kb] [文件加载：37]
[ info ] [ LANG ] /opt/web/hqy/thinkphp/lang/zh-cn.php
[ info ] [ ROUTE ] array (
  'type' => 'module',
  'module' => 
  array (
    0 => 'v1',
    1 => 'systems',
    2 => 'system',
  ),
)
[ info ] [ HEADER ] array (
  'cookie' => 'PHPSESSID=vakljrq2nvmalr4m2u5ar6tmsc',
  'accept-language' => 'zh-CN,zh;q=0.9',
  'accept-encoding' => 'gzip, deflate',
  'accept' => 'text/html,application/xhtml+xml,application/xml;q=0.9,image/webp,image/apng,*/*;q=0.8',
  'user-agent' => 'Mozilla/5.0 (Windows NT 6.1; WOW64) AppleWebKit/537.36 (KHTML, like Gecko) Chrome/65.0.3325.181 Safari/537.36',
  'upgrade-insecure-requests' => '1',
  'cache-control' => 'max-age=0',
  'connection' => 'keep-alive',
  'host' => 'local.hqy.com',
  'content-type' => '',
  'content-length' => '',
)
[ info ] [ PARAM ] array (
)
[ info ] [ LOG ] INIT File
---------------------------------------------------------------
[ 2019-10-16T11:35:39+08:00 ] 172.26.2.48 GET local.hqy.com/v1/systems/system/menu.html
[运行时间：0.223597s] [吞吐率：4.47req/s] [内存消耗：1,028.30kb] [文件加载：37]
[ info ] [ LANG ] /opt/web/hqy/thinkphp/lang/zh-cn.php
[ info ] [ ROUTE ] array (
  'type' => 'module',
  'module' => 
  array (
    0 => 'v1',
    1 => 'systems',
    2 => 'system',
  ),
)
[ info ] [ HEADER ] array (
  'cookie' => 'PHPSESSID=vakljrq2nvmalr4m2u5ar6tmsc',
  'accept-language' => 'zh-CN,zh;q=0.9',
  'accept-encoding' => 'gzip, deflate',
  'accept' => 'text/html,application/xhtml+xml,application/xml;q=0.9,image/webp,image/apng,*/*;q=0.8',
  'user-agent' => 'Mozilla/5.0 (Windows NT 6.1; WOW64) AppleWebKit/537.36 (KHTML, like Gecko) Chrome/65.0.3325.181 Safari/537.36',
  'upgrade-insecure-requests' => '1',
  'cache-control' => 'no-cache',
  'pragma' => 'no-cache',
  'connection' => 'keep-alive',
  'host' => 'local.hqy.com',
  'content-type' => '',
  'content-length' => '',
)
[ info ] [ PARAM ] array (
)
[ info ] [ LOG ] INIT File
---------------------------------------------------------------
[ 2019-10-16T11:44:54+08:00 ] 172.26.2.48 GET local.hqy.com/v1/systems/system/menu.html
[运行时间：0.349977s] [吞吐率：2.86req/s] [内存消耗：1,028.11kb] [文件加载：37]
[ info ] [ LANG ] /opt/web/hqy/thinkphp/lang/zh-cn.php
[ info ] [ ROUTE ] array (
  'type' => 'module',
  'module' => 
  array (
    0 => 'v1',
    1 => 'systems',
    2 => 'system',
  ),
)
[ info ] [ HEADER ] array (
  'cookie' => 'PHPSESSID=vakljrq2nvmalr4m2u5ar6tmsc',
  'accept-language' => 'zh-CN,zh;q=0.9',
  'accept-encoding' => 'gzip, deflate',
  'accept' => 'text/html,application/xhtml+xml,application/xml;q=0.9,image/webp,image/apng,*/*;q=0.8',
  'user-agent' => 'Mozilla/5.0 (Windows NT 6.1; WOW64) AppleWebKit/537.36 (KHTML, like Gecko) Chrome/65.0.3325.181 Safari/537.36',
  'upgrade-insecure-requests' => '1',
  'cache-control' => 'max-age=0',
  'connection' => 'keep-alive',
  'host' => 'local.hqy.com',
  'content-type' => '',
  'content-length' => '',
)
[ info ] [ PARAM ] array (
)
[ info ] [ LOG ] INIT File
---------------------------------------------------------------
[ 2019-10-16T11:44:55+08:00 ] 172.26.2.48 GET local.hqy.com/v1/systems/system/menu.html
[运行时间：0.343843s] [吞吐率：2.91req/s] [内存消耗：1,028.11kb] [文件加载：37]
[ info ] [ LANG ] /opt/web/hqy/thinkphp/lang/zh-cn.php
[ info ] [ ROUTE ] array (
  'type' => 'module',
  'module' => 
  array (
    0 => 'v1',
    1 => 'systems',
    2 => 'system',
  ),
)
[ info ] [ HEADER ] array (
  'cookie' => 'PHPSESSID=vakljrq2nvmalr4m2u5ar6tmsc',
  'accept-language' => 'zh-CN,zh;q=0.9',
  'accept-encoding' => 'gzip, deflate',
  'accept' => 'text/html,application/xhtml+xml,application/xml;q=0.9,image/webp,image/apng,*/*;q=0.8',
  'user-agent' => 'Mozilla/5.0 (Windows NT 6.1; WOW64) AppleWebKit/537.36 (KHTML, like Gecko) Chrome/65.0.3325.181 Safari/537.36',
  'upgrade-insecure-requests' => '1',
  'cache-control' => 'max-age=0',
  'connection' => 'keep-alive',
  'host' => 'local.hqy.com',
  'content-type' => '',
  'content-length' => '',
)
[ info ] [ PARAM ] array (
)
[ info ] [ LOG ] INIT File
---------------------------------------------------------------
[ 2019-10-16T11:45:02+08:00 ] 172.26.2.48 GET local.hqy.com/v1/systematic/system/menu.html
[运行时间：0.353087s] [吞吐率：2.83req/s] [内存消耗：1,027.96kb] [文件加载：37]
[ info ] [ LANG ] /opt/web/hqy/thinkphp/lang/zh-cn.php
[ info ] [ ROUTE ] array (
  'type' => 'module',
  'module' => 
  array (
    0 => 'v1',
    1 => 'systematic',
    2 => 'system',
  ),
)
[ info ] [ HEADER ] array (
  'cookie' => 'PHPSESSID=vakljrq2nvmalr4m2u5ar6tmsc',
  'accept-language' => 'zh-CN,zh;q=0.9',
  'accept-encoding' => 'gzip, deflate',
  'accept' => 'text/html,application/xhtml+xml,application/xml;q=0.9,image/webp,image/apng,*/*;q=0.8',
  'user-agent' => 'Mozilla/5.0 (Windows NT 6.1; WOW64) AppleWebKit/537.36 (KHTML, like Gecko) Chrome/65.0.3325.181 Safari/537.36',
  'upgrade-insecure-requests' => '1',
  'connection' => 'keep-alive',
  'host' => 'local.hqy.com',
  'content-type' => '',
  'content-length' => '',
)
[ info ] [ PARAM ] array (
)
[ info ] [ LOG ] INIT File
---------------------------------------------------------------
[ 2019-10-16T11:45:04+08:00 ] 172.26.2.48 GET local.hqy.com/v1/systematic/system/menu.html
[运行时间：0.205819s] [吞吐率：4.86req/s] [内存消耗：1,028.17kb] [文件加载：37]
[ info ] [ LANG ] /opt/web/hqy/thinkphp/lang/zh-cn.php
[ info ] [ ROUTE ] array (
  'type' => 'module',
  'module' => 
  array (
    0 => 'v1',
    1 => 'systematic',
    2 => 'system',
  ),
)
[ info ] [ HEADER ] array (
  'cookie' => 'PHPSESSID=vakljrq2nvmalr4m2u5ar6tmsc',
  'accept-language' => 'zh-CN,zh;q=0.9',
  'accept-encoding' => 'gzip, deflate',
  'accept' => 'text/html,application/xhtml+xml,application/xml;q=0.9,image/webp,image/apng,*/*;q=0.8',
  'user-agent' => 'Mozilla/5.0 (Windows NT 6.1; WOW64) AppleWebKit/537.36 (KHTML, like Gecko) Chrome/65.0.3325.181 Safari/537.36',
  'upgrade-insecure-requests' => '1',
  'cache-control' => 'max-age=0',
  'connection' => 'keep-alive',
  'host' => 'local.hqy.com',
  'content-type' => '',
  'content-length' => '',
)
[ info ] [ PARAM ] array (
)
[ info ] [ LOG ] INIT File
---------------------------------------------------------------
[ 2019-10-16T11:47:22+08:00 ] 172.26.2.48 GET local.hqy.com/v1/systematic/system/menu.html
[运行时间：0.290751s] [吞吐率：3.44req/s] [内存消耗：1,028.13kb] [文件加载：37]
[ info ] [ LANG ] /opt/web/hqy/thinkphp/lang/zh-cn.php
[ info ] [ ROUTE ] array (
  'type' => 'module',
  'module' => 
  array (
    0 => 'v1',
    1 => 'systematic',
    2 => 'system',
  ),
)
[ info ] [ HEADER ] array (
  'cookie' => 'PHPSESSID=vakljrq2nvmalr4m2u5ar6tmsc',
  'accept-language' => 'zh-CN,zh;q=0.9',
  'accept-encoding' => 'gzip, deflate',
  'accept' => 'text/html,application/xhtml+xml,application/xml;q=0.9,image/webp,image/apng,*/*;q=0.8',
  'user-agent' => 'Mozilla/5.0 (Windows NT 6.1; WOW64) AppleWebKit/537.36 (KHTML, like Gecko) Chrome/65.0.3325.181 Safari/537.36',
  'upgrade-insecure-requests' => '1',
  'cache-control' => 'max-age=0',
  'connection' => 'keep-alive',
  'host' => 'local.hqy.com',
  'content-type' => '',
  'content-length' => '',
)
[ info ] [ PARAM ] array (
)
[ info ] [ LOG ] INIT File
---------------------------------------------------------------
[ 2019-10-16T03:52:04+00:00 ] 172.26.2.48 GET local.hqy.com/v1/systematic/system/menu.html
[运行时间：0.206645s] [吞吐率：4.84req/s] [内存消耗：686.89kb] [文件加载：24]
[ error ] [2]include(/opt/web/hqy/config/config/database.development.php): failed to open stream: No such file or directory[/opt/web/hqy/config/development/config.php:13]
[ info ] [ LOG ] INIT File
---------------------------------------------------------------
[ 2019-10-16T11:52:22+08:00 ] 172.26.2.48 GET local.hqy.com/v1/systematic/system/menu.html
[运行时间：0.291563s] [吞吐率：3.43req/s] [内存消耗：1,028.13kb] [文件加载：37]
[ info ] [ LANG ] /opt/web/hqy/thinkphp/lang/zh-cn.php
[ info ] [ ROUTE ] array (
  'type' => 'module',
  'module' => 
  array (
    0 => 'v1',
    1 => 'systematic',
    2 => 'system',
  ),
)
[ info ] [ HEADER ] array (
  'cookie' => 'PHPSESSID=vakljrq2nvmalr4m2u5ar6tmsc',
  'accept-language' => 'zh-CN,zh;q=0.9',
  'accept-encoding' => 'gzip, deflate',
  'accept' => 'text/html,application/xhtml+xml,application/xml;q=0.9,image/webp,image/apng,*/*;q=0.8',
  'user-agent' => 'Mozilla/5.0 (Windows NT 6.1; WOW64) AppleWebKit/537.36 (KHTML, like Gecko) Chrome/65.0.3325.181 Safari/537.36',
  'upgrade-insecure-requests' => '1',
  'cache-control' => 'max-age=0',
  'connection' => 'keep-alive',
  'host' => 'local.hqy.com',
  'content-type' => '',
  'content-length' => '',
)
[ info ] [ PARAM ] array (
)
[ info ] [ LOG ] INIT File
---------------------------------------------------------------
[ 2019-10-16T11:52:49+08:00 ] 172.26.2.48 GET local.hqy.com/v1/systematic/system/menu.html
[运行时间：0.311906s] [吞吐率：3.21req/s] [内存消耗：1,028.13kb] [文件加载：37]
[ info ] [ LANG ] /opt/web/hqy/thinkphp/lang/zh-cn.php
[ info ] [ ROUTE ] array (
  'type' => 'module',
  'module' => 
  array (
    0 => 'v1',
    1 => 'systematic',
    2 => 'system',
  ),
)
[ info ] [ HEADER ] array (
  'cookie' => 'PHPSESSID=vakljrq2nvmalr4m2u5ar6tmsc',
  'accept-language' => 'zh-CN,zh;q=0.9',
  'accept-encoding' => 'gzip, deflate',
  'accept' => 'text/html,application/xhtml+xml,application/xml;q=0.9,image/webp,image/apng,*/*;q=0.8',
  'user-agent' => 'Mozilla/5.0 (Windows NT 6.1; WOW64) AppleWebKit/537.36 (KHTML, like Gecko) Chrome/65.0.3325.181 Safari/537.36',
  'upgrade-insecure-requests' => '1',
  'cache-control' => 'max-age=0',
  'connection' => 'keep-alive',
  'host' => 'local.hqy.com',
  'content-type' => '',
  'content-length' => '',
)
[ info ] [ PARAM ] array (
)
[ info ] [ LOG ] INIT File
---------------------------------------------------------------
[ 2019-10-16T06:11:02+00:00 ] 172.26.2.48 GET local.hqy.com/v1/systematic/system/menu.html
[运行时间：0.179159s] [吞吐率：5.58req/s] [内存消耗：686.81kb] [文件加载：24]
[ error ] [2]include(/opt/web/hqy/config/config/redis.development.php): failed to open stream: No such file or directory[/opt/web/hqy/config/development/config.php:118]
[ info ] [ LOG ] INIT File
---------------------------------------------------------------
[ 2019-10-16T06:11:59+00:00 ] 172.26.2.48 GET local.hqy.com/v1/systematic/system/menu.html
[运行时间：0.128034s] [吞吐率：7.81req/s] [内存消耗：686.94kb] [文件加载：25]
[ error ] [2]include(/opt/web/hqy/config/config/redis.development.php): failed to open stream: No such file or directory[/opt/web/hqy/config/development/config.php:284]
[ info ] [ LOG ] INIT File
---------------------------------------------------------------
[ 2019-10-16T06:12:19+00:00 ] 172.26.2.48 GET local.hqy.com/v1/systematic/system/menu.html
[运行时间：0.158225s] [吞吐率：6.32req/s] [内存消耗：713.51kb] [文件加载：26]
[ error ] [64]think\Config::main(): Failed opening required '/opt/web/hqy/config/development/redis.php' (include_path='.:')[/opt/web/hqy/application/config.php:9]
[ info ] [ LOG ] INIT File
---------------------------------------------------------------
[ 2019-10-16T06:25:37+00:00 ] 172.26.2.48 GET local.hqy.com/v1
[运行时间：0.161114s] [吞吐率：6.21req/s] [内存消耗：619.40kb] [文件加载：23]
[ error ] [0]Parse error: syntax error, unexpected '<', expecting end of file[/opt/web/hqy/config/development/config.php:292]
[ info ] [ LOG ] INIT File
